Parsing function A at addreess 0x1900
Parsing block ( 1900,193c)
1938 : s_cbranch_execz 0x1a54 ( 1a54 ) 
Parsing block ( 193c,19c8)
19c4 : s_cbranch_execz 0x1a50 ( 1a50 ) 
Parsing block ( 19c8,19cc)
Parsing block ( 19cc,1a4c)
1a48 : s_cbranch_execnz 0x19cc ( 19cc ) 
Parsing block ( 1a4c,1a50)
Parsing block ( 1a50,1a54)
Parsing block ( 1a54,1a94)
1a90 : s_cbranch_execz 0x1acc ( 1acc ) 
Parsing block ( 1a94,1acc)
Parsing block ( 1acc,1b4c)
1b48 : s_cbranch_execz 0x1c88 ( 1c88 ) 
Parsing block ( 1b4c,1bb8)
1bb4 : s_cbranch_execz 0x1bf8 ( 1bf8 ) 
Parsing block ( 1bb8,1bbc)
Parsing block ( 1bbc,1bf8)
1bf4 : s_cbranch_execnz 0x1bbc ( 1bbc ) 
Parsing block ( 1bf8,1c28)
1c24 : s_cbranch_execz 0x1c40 ( 1c40 ) 
Parsing block ( 1c28,1c40)
Parsing block ( 1c40,1c5c)
1c58 : s_cbranch_vccnz 0x1c88 ( 1c88 ) 
Parsing block ( 1c5c,1c88)
Parsing block ( 1c88,1cb4)
1cb0 : s_branch 0x1cd4 ( 1cd4 ) 
Parsing block ( 1cb4,1cc4)
1cc0 : s_cbranch_scc1 0x1cd0 ( 1cd0 ) 
Parsing block ( 1cc4,1ccc)
1cc8 : s_cbranch_execnz 0x1cd4 ( 1cd4 ) 
Parsing block ( 1ccc,1cd0)
1ccc : s_branch 0x1cfc ( 1cfc ) 
Parsing block ( 1cd0,1cd4)
1cd0 : s_branch 0x1cfc ( 1cfc ) 
Parsing block ( 1cd4,1ce0)
1cdc : s_cbranch_execz 0x1cb4 ( 1cb4 ) 
Parsing block ( 1ce0,1cfc)
1cf8 : s_branch 0x1cb4 ( 1cb4 ) 
Parsing block ( 1cfc,1d0c)
1d08 : s_cbranch_execz 0x1de4 ( 1de4 ) 
Parsing block ( 1d0c,1db0)
1dac : s_cbranch_execz 0x1de4 ( 1de4 ) 
Parsing block ( 1db0,1de4)
1de0 : s_cbranch_execnz 0x1db0 ( 1db0 ) 
Parsing block ( 1de4,1e04)
1e00 : s_cbranch_scc0 0x2700 ( 2700 ) 
Parsing block ( 1e04,1e28)
1e24 : s_branch 0x1e44 ( 1e44 ) 
Parsing block ( 1e28,1e44)
1e40 : s_cbranch_scc0 0x2708 ( 2708 ) 
Parsing block ( 1e44,1e60)
1e5c : s_cbranch_scc1 0x1ecc ( 1ecc ) 
Parsing block ( 1e60,1e74)
1e70 : s_cbranch_scc1 0x1ec4 ( 1ec4 ) 
Parsing block ( 1e74,1e88)
Parsing block ( 1e88,1ec4)
1ec0 : s_cbranch_scc1 0x1e88 ( 1e88 ) 
Parsing block ( 1ec4,1ecc)
1ec8 : s_branch 0x1ed0 ( 1ed0 ) 
Parsing block ( 1ecc,1ed0)
Parsing block ( 1ed0,1edc)
1ed8 : s_cbranch_vccnz 0x1ef0 ( 1ef0 ) 
Parsing block ( 1edc,1ef0)
Parsing block ( 1ef0,1ef8)
1ef4 : s_cbranch_scc1 0x1f70 ( 1f70 ) 
Parsing block ( 1ef8,1f0c)
1f08 : s_cbranch_scc1 0x1f60 ( 1f60 ) 
Parsing block ( 1f0c,1f1c)
Parsing block ( 1f1c,1f60)
1f5c : s_cbranch_scc1 0x1f1c ( 1f1c ) 
Parsing block ( 1f60,1f6c)
1f68 : s_cbranch_vccz 0x1f70 ( 1f70 ) 
Parsing block ( 1f6c,1f70)
1f6c : s_branch 0x1f84 ( 1f84 ) 
Parsing block ( 1f70,1f84)
Parsing block ( 1f84,1f8c)
1f88 : s_cbranch_scc1 0x2004 ( 2004 ) 
Parsing block ( 1f8c,1fa0)
1f9c : s_cbranch_scc1 0x1ff4 ( 1ff4 ) 
Parsing block ( 1fa0,1fb0)
Parsing block ( 1fb0,1ff4)
1ff0 : s_cbranch_scc1 0x1fb0 ( 1fb0 ) 
Parsing block ( 1ff4,2000)
1ffc : s_cbranch_vccz 0x2004 ( 2004 ) 
Parsing block ( 2000,2004)
2000 : s_branch 0x2018 ( 2018 ) 
Parsing block ( 2004,2018)
Parsing block ( 2018,2020)
201c : s_cbranch_scc1 0x2098 ( 2098 ) 
Parsing block ( 2020,2034)
2030 : s_cbranch_scc1 0x2088 ( 2088 ) 
Parsing block ( 2034,2044)
Parsing block ( 2044,2088)
2084 : s_cbranch_scc1 0x2044 ( 2044 ) 
Parsing block ( 2088,2094)
2090 : s_cbranch_vccz 0x2098 ( 2098 ) 
Parsing block ( 2094,2098)
2094 : s_branch 0x20ac ( 20ac ) 
Parsing block ( 2098,20ac)
Parsing block ( 20ac,20b4)
20b0 : s_cbranch_scc1 0x212c ( 212c ) 
Parsing block ( 20b4,20c8)
20c4 : s_cbranch_scc1 0x211c ( 211c ) 
Parsing block ( 20c8,20d8)
Parsing block ( 20d8,211c)
2118 : s_cbranch_scc1 0x20d8 ( 20d8 ) 
Parsing block ( 211c,2128)
2124 : s_cbranch_vccz 0x212c ( 212c ) 
Parsing block ( 2128,212c)
2128 : s_branch 0x2140 ( 2140 ) 
Parsing block ( 212c,2140)
Parsing block ( 2140,2148)
2144 : s_cbranch_scc1 0x21c0 ( 21c0 ) 
Parsing block ( 2148,215c)
2158 : s_cbranch_scc1 0x21b0 ( 21b0 ) 
Parsing block ( 215c,216c)
Parsing block ( 216c,21b0)
21ac : s_cbranch_scc1 0x216c ( 216c ) 
Parsing block ( 21b0,21bc)
21b8 : s_cbranch_vccz 0x21c0 ( 21c0 ) 
Parsing block ( 21bc,21c0)
21bc : s_branch 0x21d4 ( 21d4 ) 
Parsing block ( 21c0,21d4)
Parsing block ( 21d4,21dc)
21d8 : s_cbranch_scc1 0x26fc ( 26fc ) 
Parsing block ( 21dc,21f0)
21ec : s_cbranch_scc1 0x2240 ( 2240 ) 
Parsing block ( 21f0,2200)
Parsing block ( 2200,2240)
223c : s_cbranch_scc1 0x2200 ( 2200 ) 
Parsing block ( 2240,2248)
2244 : s_cbranch_vccnz 0x2250 ( 2250 ) 
Parsing block ( 2248,2250)
Parsing block ( 2250,2270)
226c : s_cbranch_execz 0x237c ( 237c ) 
Parsing block ( 2270,22f4)
22f0 : s_cbranch_execz 0x2378 ( 2378 ) 
Parsing block ( 22f4,22f8)
Parsing block ( 22f8,2374)
2370 : s_cbranch_execnz 0x22f8 ( 22f8 ) 
Parsing block ( 2374,2378)
Parsing block ( 2378,237c)
Parsing block ( 237c,23b4)
23b0 : s_cbranch_execz 0x23ec ( 23ec ) 
Parsing block ( 23b4,23ec)
Parsing block ( 23ec,2470)
246c : s_cbranch_execz 0x25a0 ( 25a0 ) 
Parsing block ( 2470,24d8)
24d4 : s_cbranch_execz 0x2518 ( 2518 ) 
Parsing block ( 24d8,24dc)
Parsing block ( 24dc,2518)
2514 : s_cbranch_execnz 0x24dc ( 24dc ) 
Parsing block ( 2518,2544)
2540 : s_cbranch_execz 0x255c ( 255c ) 
Parsing block ( 2544,255c)
Parsing block ( 255c,2578)
2574 : s_cbranch_vccnz 0x25a0 ( 25a0 ) 
Parsing block ( 2578,25a0)
Parsing block ( 25a0,25cc)
25c8 : s_branch 0x25ec ( 25ec ) 
Parsing block ( 25cc,25dc)
25d8 : s_cbranch_scc1 0x25e8 ( 25e8 ) 
Parsing block ( 25dc,25e4)
25e0 : s_cbranch_execnz 0x25ec ( 25ec ) 
Parsing block ( 25e4,25e8)
25e4 : s_branch 0x2614 ( 2614 ) 
Parsing block ( 25e8,25ec)
25e8 : s_branch 0x2614 ( 2614 ) 
Parsing block ( 25ec,25f8)
25f4 : s_cbranch_execz 0x25cc ( 25cc ) 
Parsing block ( 25f8,2614)
2610 : s_branch 0x25cc ( 25cc ) 
Parsing block ( 2614,2624)
2620 : s_cbranch_execz 0x1e28 ( 1e28 ) 
Parsing block ( 2624,26c0)
26bc : s_cbranch_execz 0x1e28 ( 1e28 ) 
Parsing block ( 26c0,26c4)
Parsing block ( 26c4,26f8)
26f4 : s_cbranch_execnz 0x26c4 ( 26c4 ) 
Parsing block ( 26f8,26fc)
26f8 : s_branch 0x1e28 ( 1e28 ) 
Parsing block ( 26fc,2700)
26fc : s_branch 0x2248 ( 2248 ) 
Parsing block ( 2700,2704)
2700 : s_cbranch_execnz 0x270c ( 270c ) 
Parsing block ( 2704,2708)
2704 : s_branch 0x2be0 ( 2be0 ) 
Parsing block ( 2708,270c)
2708 : s_branch 0x2be0 ( 2be0 ) 
Parsing block ( 270c,272c)
2728 : s_cbranch_execz 0x2840 ( 2840 ) 
Parsing block ( 272c,27b4)
27b0 : s_cbranch_execz 0x283c ( 283c ) 
Parsing block ( 27b4,27b8)
Parsing block ( 27b8,2838)
2834 : s_cbranch_execnz 0x27b8 ( 27b8 ) 
Parsing block ( 2838,283c)
Parsing block ( 283c,2840)
Parsing block ( 2840,287c)
2878 : s_cbranch_execz 0x28b4 ( 28b4 ) 
Parsing block ( 287c,28b4)
Parsing block ( 28b4,2944)
2940 : s_cbranch_execz 0x2a80 ( 2a80 ) 
Parsing block ( 2944,29b0)
29ac : s_cbranch_execz 0x29f0 ( 29f0 ) 
Parsing block ( 29b0,29b4)
Parsing block ( 29b4,29f0)
29ec : s_cbranch_execnz 0x29b4 ( 29b4 ) 
Parsing block ( 29f0,2a20)
2a1c : s_cbranch_execz 0x2a38 ( 2a38 ) 
Parsing block ( 2a20,2a38)
Parsing block ( 2a38,2a54)
2a50 : s_cbranch_vccnz 0x2a80 ( 2a80 ) 
Parsing block ( 2a54,2a80)
Parsing block ( 2a80,2aac)
2aa8 : s_branch 0x2acc ( 2acc ) 
Parsing block ( 2aac,2abc)
2ab8 : s_cbranch_scc1 0x2ac8 ( 2ac8 ) 
Parsing block ( 2abc,2ac4)
2ac0 : s_cbranch_execnz 0x2acc ( 2acc ) 
Parsing block ( 2ac4,2ac8)
2ac4 : s_branch 0x2af4 ( 2af4 ) 
Parsing block ( 2ac8,2acc)
2ac8 : s_branch 0x2af4 ( 2af4 ) 
Parsing block ( 2acc,2ad8)
2ad4 : s_cbranch_execz 0x2aac ( 2aac ) 
Parsing block ( 2ad8,2af4)
2af0 : s_branch 0x2aac ( 2aac ) 
Parsing block ( 2af4,2b04)
2b00 : s_cbranch_execz 0x2bdc ( 2bdc ) 
Parsing block ( 2b04,2ba8)
2ba4 : s_cbranch_execz 0x2bdc ( 2bdc ) 
Parsing block ( 2ba8,2bdc)
2bd8 : s_cbranch_execnz 0x2ba8 ( 2ba8 ) 
Parsing block ( 2bdc,2be0)
Parsing block ( 2be0,2bfc)
2bf8 : s_cbranch_execz 0x2d10 ( 2d10 ) 
Parsing block ( 2bfc,2c84)
2c80 : s_cbranch_execz 0x2d0c ( 2d0c ) 
Parsing block ( 2c84,2c88)
Parsing block ( 2c88,2d08)
2d04 : s_cbranch_execnz 0x2c88 ( 2c88 ) 
Parsing block ( 2d08,2d0c)
Parsing block ( 2d0c,2d10)
Parsing block ( 2d10,2d50)
2d4c : s_cbranch_execz 0x2d88 ( 2d88 ) 
Parsing block ( 2d50,2d88)
Parsing block ( 2d88,2e18)
2e14 : s_cbranch_execz 0x2f54 ( 2f54 ) 
Parsing block ( 2e18,2e84)
2e80 : s_cbranch_execz 0x2ec4 ( 2ec4 ) 
Parsing block ( 2e84,2e88)
Parsing block ( 2e88,2ec4)
2ec0 : s_cbranch_execnz 0x2e88 ( 2e88 ) 
Parsing block ( 2ec4,2ef4)
2ef0 : s_cbranch_execz 0x2f0c ( 2f0c ) 
Parsing block ( 2ef4,2f0c)
Parsing block ( 2f0c,2f28)
2f24 : s_cbranch_vccnz 0x2f54 ( 2f54 ) 
Parsing block ( 2f28,2f54)
Parsing block ( 2f54,2f80)
2f7c : s_branch 0x2fa0 ( 2fa0 ) 
Parsing block ( 2f80,2f90)
2f8c : s_cbranch_scc1 0x2f9c ( 2f9c ) 
Parsing block ( 2f90,2f98)
2f94 : s_cbranch_execnz 0x2fa0 ( 2fa0 ) 
Parsing block ( 2f98,2f9c)
2f98 : s_branch 0x2fc8 ( 2fc8 ) 
Parsing block ( 2f9c,2fa0)
2f9c : s_branch 0x2fc8 ( 2fc8 ) 
Parsing block ( 2fa0,2fac)
2fa8 : s_cbranch_execz 0x2f80 ( 2f80 ) 
Parsing block ( 2fac,2fc8)
2fc4 : s_branch 0x2f80 ( 2f80 ) 
Parsing block ( 2fc8,2fd0)
2fcc : s_cbranch_execz 0x30a8 ( 30a8 ) 
Parsing block ( 2fd0,3074)
3070 : s_cbranch_execz 0x30a8 ( 30a8 ) 
Parsing block ( 3074,30a8)
30a4 : s_cbranch_execnz 0x3074 ( 3074 ) 
Parsing block ( 30a8,30b4)
30b0 : s_setpc_b64 s[30:31] ( ffffffffffffffff ) 
Parsing function B at addreess 0x30b4
Parsing block ( 30b4,30f0)
30ec : s_cbranch_execz 0x3208 ( 3208 ) 
Parsing block ( 30f0,317c)
3178 : s_cbranch_execz 0x3204 ( 3204 ) 
Parsing block ( 317c,3180)
Parsing block ( 3180,3200)
31fc : s_cbranch_execnz 0x3180 ( 3180 ) 
Parsing block ( 3200,3204)
Parsing block ( 3204,3208)
Parsing block ( 3208,3248)
3244 : s_cbranch_execz 0x3280 ( 3280 ) 
Parsing block ( 3248,3280)
Parsing block ( 3280,3300)
32fc : s_cbranch_execz 0x343c ( 343c ) 
Parsing block ( 3300,336c)
3368 : s_cbranch_execz 0x33ac ( 33ac ) 
Parsing block ( 336c,3370)
Parsing block ( 3370,33ac)
33a8 : s_cbranch_execnz 0x3370 ( 3370 ) 
Parsing block ( 33ac,33dc)
33d8 : s_cbranch_execz 0x33f4 ( 33f4 ) 
Parsing block ( 33dc,33f4)
Parsing block ( 33f4,3410)
340c : s_cbranch_vccnz 0x343c ( 343c ) 
Parsing block ( 3410,343c)
Parsing block ( 343c,3468)
3464 : s_branch 0x3488 ( 3488 ) 
Parsing block ( 3468,3478)
3474 : s_cbranch_scc1 0x3484 ( 3484 ) 
Parsing block ( 3478,3480)
347c : s_cbranch_execnz 0x3488 ( 3488 ) 
Parsing block ( 3480,3484)
3480 : s_branch 0x34b0 ( 34b0 ) 
Parsing block ( 3484,3488)
3484 : s_branch 0x34b0 ( 34b0 ) 
Parsing block ( 3488,3494)
3490 : s_cbranch_execz 0x3468 ( 3468 ) 
Parsing block ( 3494,34b0)
34ac : s_branch 0x3468 ( 3468 ) 
Parsing block ( 34b0,34c0)
34bc : s_cbranch_execz 0x3598 ( 3598 ) 
Parsing block ( 34c0,3564)
3560 : s_cbranch_execz 0x3598 ( 3598 ) 
Parsing block ( 3564,3598)
3594 : s_cbranch_execnz 0x3564 ( 3564 ) 
Parsing block ( 3598,35b8)
35b4 : s_cbranch_scc0 0x3eb4 ( 3eb4 ) 
Parsing block ( 35b8,35dc)
35d8 : s_branch 0x35f8 ( 35f8 ) 
Parsing block ( 35dc,35f8)
35f4 : s_cbranch_scc0 0x3ebc ( 3ebc ) 
Parsing block ( 35f8,3614)
3610 : s_cbranch_scc1 0x3680 ( 3680 ) 
Parsing block ( 3614,3628)
3624 : s_cbranch_scc1 0x3678 ( 3678 ) 
Parsing block ( 3628,363c)
Parsing block ( 363c,3678)
3674 : s_cbranch_scc1 0x363c ( 363c ) 
Parsing block ( 3678,3680)
367c : s_branch 0x3684 ( 3684 ) 
Parsing block ( 3680,3684)
Parsing block ( 3684,3690)
368c : s_cbranch_vccnz 0x36a4 ( 36a4 ) 
Parsing block ( 3690,36a4)
Parsing block ( 36a4,36ac)
36a8 : s_cbranch_scc1 0x3724 ( 3724 ) 
Parsing block ( 36ac,36c0)
36bc : s_cbranch_scc1 0x3714 ( 3714 ) 
Parsing block ( 36c0,36d0)
Parsing block ( 36d0,3714)
3710 : s_cbranch_scc1 0x36d0 ( 36d0 ) 
Parsing block ( 3714,3720)
371c : s_cbranch_vccz 0x3724 ( 3724 ) 
Parsing block ( 3720,3724)
3720 : s_branch 0x3738 ( 3738 ) 
Parsing block ( 3724,3738)
Parsing block ( 3738,3740)
373c : s_cbranch_scc1 0x37b8 ( 37b8 ) 
Parsing block ( 3740,3754)
3750 : s_cbranch_scc1 0x37a8 ( 37a8 ) 
Parsing block ( 3754,3764)
Parsing block ( 3764,37a8)
37a4 : s_cbranch_scc1 0x3764 ( 3764 ) 
Parsing block ( 37a8,37b4)
37b0 : s_cbranch_vccz 0x37b8 ( 37b8 ) 
Parsing block ( 37b4,37b8)
37b4 : s_branch 0x37cc ( 37cc ) 
Parsing block ( 37b8,37cc)
Parsing block ( 37cc,37d4)
37d0 : s_cbranch_scc1 0x384c ( 384c ) 
Parsing block ( 37d4,37e8)
37e4 : s_cbranch_scc1 0x383c ( 383c ) 
Parsing block ( 37e8,37f8)
Parsing block ( 37f8,383c)
3838 : s_cbranch_scc1 0x37f8 ( 37f8 ) 
Parsing block ( 383c,3848)
3844 : s_cbranch_vccz 0x384c ( 384c ) 
Parsing block ( 3848,384c)
3848 : s_branch 0x3860 ( 3860 ) 
Parsing block ( 384c,3860)
Parsing block ( 3860,3868)
3864 : s_cbranch_scc1 0x38e0 ( 38e0 ) 
Parsing block ( 3868,387c)
3878 : s_cbranch_scc1 0x38d0 ( 38d0 ) 
Parsing block ( 387c,388c)
Parsing block ( 388c,38d0)
38cc : s_cbranch_scc1 0x388c ( 388c ) 
Parsing block ( 38d0,38dc)
38d8 : s_cbranch_vccz 0x38e0 ( 38e0 ) 
Parsing block ( 38dc,38e0)
38dc : s_branch 0x38f4 ( 38f4 ) 
Parsing block ( 38e0,38f4)
Parsing block ( 38f4,38fc)
38f8 : s_cbranch_scc1 0x3974 ( 3974 ) 
Parsing block ( 38fc,3910)
390c : s_cbranch_scc1 0x3964 ( 3964 ) 
Parsing block ( 3910,3920)
Parsing block ( 3920,3964)
3960 : s_cbranch_scc1 0x3920 ( 3920 ) 
Parsing block ( 3964,3970)
396c : s_cbranch_vccz 0x3974 ( 3974 ) 
Parsing block ( 3970,3974)
3970 : s_branch 0x3988 ( 3988 ) 
Parsing block ( 3974,3988)
Parsing block ( 3988,3990)
398c : s_cbranch_scc1 0x3eb0 ( 3eb0 ) 
Parsing block ( 3990,39a4)
39a0 : s_cbranch_scc1 0x39f4 ( 39f4 ) 
Parsing block ( 39a4,39b4)
Parsing block ( 39b4,39f4)
39f0 : s_cbranch_scc1 0x39b4 ( 39b4 ) 
Parsing block ( 39f4,39fc)
39f8 : s_cbranch_vccnz 0x3a04 ( 3a04 ) 
Parsing block ( 39fc,3a04)
Parsing block ( 3a04,3a24)
3a20 : s_cbranch_execz 0x3b30 ( 3b30 ) 
Parsing block ( 3a24,3aa8)
3aa4 : s_cbranch_execz 0x3b2c ( 3b2c ) 
Parsing block ( 3aa8,3aac)
Parsing block ( 3aac,3b28)
3b24 : s_cbranch_execnz 0x3aac ( 3aac ) 
Parsing block ( 3b28,3b2c)
Parsing block ( 3b2c,3b30)
Parsing block ( 3b30,3b68)
3b64 : s_cbranch_execz 0x3ba0 ( 3ba0 ) 
Parsing block ( 3b68,3ba0)
Parsing block ( 3ba0,3c24)
3c20 : s_cbranch_execz 0x3d54 ( 3d54 ) 
Parsing block ( 3c24,3c8c)
3c88 : s_cbranch_execz 0x3ccc ( 3ccc ) 
Parsing block ( 3c8c,3c90)
Parsing block ( 3c90,3ccc)
3cc8 : s_cbranch_execnz 0x3c90 ( 3c90 ) 
Parsing block ( 3ccc,3cf8)
3cf4 : s_cbranch_execz 0x3d10 ( 3d10 ) 
Parsing block ( 3cf8,3d10)
Parsing block ( 3d10,3d2c)
3d28 : s_cbranch_vccnz 0x3d54 ( 3d54 ) 
Parsing block ( 3d2c,3d54)
Parsing block ( 3d54,3d80)
3d7c : s_branch 0x3da0 ( 3da0 ) 
Parsing block ( 3d80,3d90)
3d8c : s_cbranch_scc1 0x3d9c ( 3d9c ) 
Parsing block ( 3d90,3d98)
3d94 : s_cbranch_execnz 0x3da0 ( 3da0 ) 
Parsing block ( 3d98,3d9c)
3d98 : s_branch 0x3dc8 ( 3dc8 ) 
Parsing block ( 3d9c,3da0)
3d9c : s_branch 0x3dc8 ( 3dc8 ) 
Parsing block ( 3da0,3dac)
3da8 : s_cbranch_execz 0x3d80 ( 3d80 ) 
Parsing block ( 3dac,3dc8)
3dc4 : s_branch 0x3d80 ( 3d80 ) 
Parsing block ( 3dc8,3dd8)
3dd4 : s_cbranch_execz 0x35dc ( 35dc ) 
Parsing block ( 3dd8,3e74)
3e70 : s_cbranch_execz 0x35dc ( 35dc ) 
Parsing block ( 3e74,3e78)
Parsing block ( 3e78,3eac)
3ea8 : s_cbranch_execnz 0x3e78 ( 3e78 ) 
Parsing block ( 3eac,3eb0)
3eac : s_branch 0x35dc ( 35dc ) 
Parsing block ( 3eb0,3eb4)
3eb0 : s_branch 0x39fc ( 39fc ) 
Parsing block ( 3eb4,3eb8)
3eb4 : s_cbranch_execnz 0x3ec0 ( 3ec0 ) 
Parsing block ( 3eb8,3ebc)
3eb8 : s_branch 0x4394 ( 4394 ) 
Parsing block ( 3ebc,3ec0)
3ebc : s_branch 0x4394 ( 4394 ) 
Parsing block ( 3ec0,3ee0)
3edc : s_cbranch_execz 0x3ff4 ( 3ff4 ) 
Parsing block ( 3ee0,3f68)
3f64 : s_cbranch_execz 0x3ff0 ( 3ff0 ) 
Parsing block ( 3f68,3f6c)
Parsing block ( 3f6c,3fec)
3fe8 : s_cbranch_execnz 0x3f6c ( 3f6c ) 
Parsing block ( 3fec,3ff0)
Parsing block ( 3ff0,3ff4)
Parsing block ( 3ff4,4030)
402c : s_cbranch_execz 0x4068 ( 4068 ) 
Parsing block ( 4030,4068)
Parsing block ( 4068,40f8)
40f4 : s_cbranch_execz 0x4234 ( 4234 ) 
Parsing block ( 40f8,4164)
4160 : s_cbranch_execz 0x41a4 ( 41a4 ) 
Parsing block ( 4164,4168)
Parsing block ( 4168,41a4)
41a0 : s_cbranch_execnz 0x4168 ( 4168 ) 
Parsing block ( 41a4,41d4)
41d0 : s_cbranch_execz 0x41ec ( 41ec ) 
Parsing block ( 41d4,41ec)
Parsing block ( 41ec,4208)
4204 : s_cbranch_vccnz 0x4234 ( 4234 ) 
Parsing block ( 4208,4234)
Parsing block ( 4234,4260)
425c : s_branch 0x4280 ( 4280 ) 
Parsing block ( 4260,4270)
426c : s_cbranch_scc1 0x427c ( 427c ) 
Parsing block ( 4270,4278)
4274 : s_cbranch_execnz 0x4280 ( 4280 ) 
Parsing block ( 4278,427c)
4278 : s_branch 0x42a8 ( 42a8 ) 
Parsing block ( 427c,4280)
427c : s_branch 0x42a8 ( 42a8 ) 
Parsing block ( 4280,428c)
4288 : s_cbranch_execz 0x4260 ( 4260 ) 
Parsing block ( 428c,42a8)
42a4 : s_branch 0x4260 ( 4260 ) 
Parsing block ( 42a8,42b8)
42b4 : s_cbranch_execz 0x4390 ( 4390 ) 
Parsing block ( 42b8,435c)
4358 : s_cbranch_execz 0x4390 ( 4390 ) 
Parsing block ( 435c,4390)
438c : s_cbranch_execnz 0x435c ( 435c ) 
Parsing block ( 4390,4394)
Parsing block ( 4394,43b0)
43ac : s_cbranch_execz 0x44c4 ( 44c4 ) 
Parsing block ( 43b0,4438)
4434 : s_cbranch_execz 0x44c0 ( 44c0 ) 
Parsing block ( 4438,443c)
Parsing block ( 443c,44bc)
44b8 : s_cbranch_execnz 0x443c ( 443c ) 
Parsing block ( 44bc,44c0)
Parsing block ( 44c0,44c4)
Parsing block ( 44c4,4504)
4500 : s_cbranch_execz 0x453c ( 453c ) 
Parsing block ( 4504,453c)
Parsing block ( 453c,45dc)
45d8 : s_cbranch_execz 0x4718 ( 4718 ) 
Parsing block ( 45dc,4648)
4644 : s_cbranch_execz 0x4688 ( 4688 ) 
Parsing block ( 4648,464c)
Parsing block ( 464c,4688)
4684 : s_cbranch_execnz 0x464c ( 464c ) 
Parsing block ( 4688,46b8)
46b4 : s_cbranch_execz 0x46d0 ( 46d0 ) 
Parsing block ( 46b8,46d0)
Parsing block ( 46d0,46ec)
46e8 : s_cbranch_vccnz 0x4718 ( 4718 ) 
Parsing block ( 46ec,4718)
Parsing block ( 4718,4744)
4740 : s_branch 0x4764 ( 4764 ) 
Parsing block ( 4744,4754)
4750 : s_cbranch_scc1 0x4760 ( 4760 ) 
Parsing block ( 4754,475c)
4758 : s_cbranch_execnz 0x4764 ( 4764 ) 
Parsing block ( 475c,4760)
475c : s_branch 0x478c ( 478c ) 
Parsing block ( 4760,4764)
4760 : s_branch 0x478c ( 478c ) 
Parsing block ( 4764,4770)
476c : s_cbranch_execz 0x4744 ( 4744 ) 
Parsing block ( 4770,478c)
4788 : s_branch 0x4744 ( 4744 ) 
Parsing block ( 478c,4794)
4790 : s_cbranch_execz 0x486c ( 486c ) 
Parsing block ( 4794,4838)
4834 : s_cbranch_execz 0x486c ( 486c ) 
Parsing block ( 4838,486c)
4868 : s_cbranch_execnz 0x4838 ( 4838 ) 
Parsing block ( 486c,4878)
4874 : s_setpc_b64 s[30:31] ( ffffffffffffffff ) 
Parsing function C at addreess 0x4878
Parsing block ( 4878,48b4)
48b0 : s_cbranch_execz 0x49cc ( 49cc ) 
Parsing block ( 48b4,4940)
493c : s_cbranch_execz 0x49c8 ( 49c8 ) 
Parsing block ( 4940,4944)
Parsing block ( 4944,49c4)
49c0 : s_cbranch_execnz 0x4944 ( 4944 ) 
Parsing block ( 49c4,49c8)
Parsing block ( 49c8,49cc)
Parsing block ( 49cc,4a0c)
4a08 : s_cbranch_execz 0x4a44 ( 4a44 ) 
Parsing block ( 4a0c,4a44)
Parsing block ( 4a44,4ac4)
4ac0 : s_cbranch_execz 0x4c00 ( 4c00 ) 
Parsing block ( 4ac4,4b30)
4b2c : s_cbranch_execz 0x4b70 ( 4b70 ) 
Parsing block ( 4b30,4b34)
Parsing block ( 4b34,4b70)
4b6c : s_cbranch_execnz 0x4b34 ( 4b34 ) 
Parsing block ( 4b70,4ba0)
4b9c : s_cbranch_execz 0x4bb8 ( 4bb8 ) 
Parsing block ( 4ba0,4bb8)
Parsing block ( 4bb8,4bd4)
4bd0 : s_cbranch_vccnz 0x4c00 ( 4c00 ) 
Parsing block ( 4bd4,4c00)
Parsing block ( 4c00,4c2c)
4c28 : s_branch 0x4c4c ( 4c4c ) 
Parsing block ( 4c2c,4c3c)
4c38 : s_cbranch_scc1 0x4c48 ( 4c48 ) 
Parsing block ( 4c3c,4c44)
4c40 : s_cbranch_execnz 0x4c4c ( 4c4c ) 
Parsing block ( 4c44,4c48)
4c44 : s_branch 0x4c74 ( 4c74 ) 
Parsing block ( 4c48,4c4c)
4c48 : s_branch 0x4c74 ( 4c74 ) 
Parsing block ( 4c4c,4c58)
4c54 : s_cbranch_execz 0x4c2c ( 4c2c ) 
Parsing block ( 4c58,4c74)
4c70 : s_branch 0x4c2c ( 4c2c ) 
Parsing block ( 4c74,4c84)
4c80 : s_cbranch_execz 0x4d5c ( 4d5c ) 
Parsing block ( 4c84,4d28)
4d24 : s_cbranch_execz 0x4d5c ( 4d5c ) 
Parsing block ( 4d28,4d5c)
4d58 : s_cbranch_execnz 0x4d28 ( 4d28 ) 
Parsing block ( 4d5c,4d7c)
4d78 : s_cbranch_scc0 0x5678 ( 5678 ) 
Parsing block ( 4d7c,4da0)
4d9c : s_branch 0x4dbc ( 4dbc ) 
Parsing block ( 4da0,4dbc)
4db8 : s_cbranch_scc0 0x5680 ( 5680 ) 
Parsing block ( 4dbc,4dd8)
4dd4 : s_cbranch_scc1 0x4e44 ( 4e44 ) 
Parsing block ( 4dd8,4dec)
4de8 : s_cbranch_scc1 0x4e3c ( 4e3c ) 
Parsing block ( 4dec,4e00)
Parsing block ( 4e00,4e3c)
4e38 : s_cbranch_scc1 0x4e00 ( 4e00 ) 
Parsing block ( 4e3c,4e44)
4e40 : s_branch 0x4e48 ( 4e48 ) 
Parsing block ( 4e44,4e48)
Parsing block ( 4e48,4e54)
4e50 : s_cbranch_vccnz 0x4e68 ( 4e68 ) 
Parsing block ( 4e54,4e68)
Parsing block ( 4e68,4e70)
4e6c : s_cbranch_scc1 0x4ee8 ( 4ee8 ) 
Parsing block ( 4e70,4e84)
4e80 : s_cbranch_scc1 0x4ed8 ( 4ed8 ) 
Parsing block ( 4e84,4e94)
Parsing block ( 4e94,4ed8)
4ed4 : s_cbranch_scc1 0x4e94 ( 4e94 ) 
Parsing block ( 4ed8,4ee4)
4ee0 : s_cbranch_vccz 0x4ee8 ( 4ee8 ) 
Parsing block ( 4ee4,4ee8)
4ee4 : s_branch 0x4efc ( 4efc ) 
Parsing block ( 4ee8,4efc)
Parsing block ( 4efc,4f04)
4f00 : s_cbranch_scc1 0x4f7c ( 4f7c ) 
Parsing block ( 4f04,4f18)
4f14 : s_cbranch_scc1 0x4f6c ( 4f6c ) 
Parsing block ( 4f18,4f28)
Parsing block ( 4f28,4f6c)
4f68 : s_cbranch_scc1 0x4f28 ( 4f28 ) 
Parsing block ( 4f6c,4f78)
4f74 : s_cbranch_vccz 0x4f7c ( 4f7c ) 
Parsing block ( 4f78,4f7c)
4f78 : s_branch 0x4f90 ( 4f90 ) 
Parsing block ( 4f7c,4f90)
Parsing block ( 4f90,4f98)
4f94 : s_cbranch_scc1 0x5010 ( 5010 ) 
Parsing block ( 4f98,4fac)
4fa8 : s_cbranch_scc1 0x5000 ( 5000 ) 
Parsing block ( 4fac,4fbc)
Parsing block ( 4fbc,5000)
4ffc : s_cbranch_scc1 0x4fbc ( 4fbc ) 
Parsing block ( 5000,500c)
5008 : s_cbranch_vccz 0x5010 ( 5010 ) 
Parsing block ( 500c,5010)
500c : s_branch 0x5024 ( 5024 ) 
Parsing block ( 5010,5024)
Parsing block ( 5024,502c)
5028 : s_cbranch_scc1 0x50a4 ( 50a4 ) 
Parsing block ( 502c,5040)
503c : s_cbranch_scc1 0x5094 ( 5094 ) 
Parsing block ( 5040,5050)
Parsing block ( 5050,5094)
5090 : s_cbranch_scc1 0x5050 ( 5050 ) 
Parsing block ( 5094,50a0)
509c : s_cbranch_vccz 0x50a4 ( 50a4 ) 
Parsing block ( 50a0,50a4)
50a0 : s_branch 0x50b8 ( 50b8 ) 
Parsing block ( 50a4,50b8)
Parsing block ( 50b8,50c0)
50bc : s_cbranch_scc1 0x5138 ( 5138 ) 
Parsing block ( 50c0,50d4)
50d0 : s_cbranch_scc1 0x5128 ( 5128 ) 
Parsing block ( 50d4,50e4)
Parsing block ( 50e4,5128)
5124 : s_cbranch_scc1 0x50e4 ( 50e4 ) 
Parsing block ( 5128,5134)
5130 : s_cbranch_vccz 0x5138 ( 5138 ) 
Parsing block ( 5134,5138)
5134 : s_branch 0x514c ( 514c ) 
Parsing block ( 5138,514c)
Parsing block ( 514c,5154)
5150 : s_cbranch_scc1 0x5674 ( 5674 ) 
Parsing block ( 5154,5168)
5164 : s_cbranch_scc1 0x51b8 ( 51b8 ) 
Parsing block ( 5168,5178)
Parsing block ( 5178,51b8)
51b4 : s_cbranch_scc1 0x5178 ( 5178 ) 
Parsing block ( 51b8,51c0)
51bc : s_cbranch_vccnz 0x51c8 ( 51c8 ) 
Parsing block ( 51c0,51c8)
Parsing block ( 51c8,51e8)
51e4 : s_cbranch_execz 0x52f4 ( 52f4 ) 
Parsing block ( 51e8,526c)
5268 : s_cbranch_execz 0x52f0 ( 52f0 ) 
Parsing block ( 526c,5270)
Parsing block ( 5270,52ec)
52e8 : s_cbranch_execnz 0x5270 ( 5270 ) 
Parsing block ( 52ec,52f0)
Parsing block ( 52f0,52f4)
Parsing block ( 52f4,532c)
5328 : s_cbranch_execz 0x5364 ( 5364 ) 
Parsing block ( 532c,5364)
Parsing block ( 5364,53e8)
53e4 : s_cbranch_execz 0x5518 ( 5518 ) 
Parsing block ( 53e8,5450)
544c : s_cbranch_execz 0x5490 ( 5490 ) 
Parsing block ( 5450,5454)
Parsing block ( 5454,5490)
548c : s_cbranch_execnz 0x5454 ( 5454 ) 
Parsing block ( 5490,54bc)
54b8 : s_cbranch_execz 0x54d4 ( 54d4 ) 
Parsing block ( 54bc,54d4)
Parsing block ( 54d4,54f0)
54ec : s_cbranch_vccnz 0x5518 ( 5518 ) 
Parsing block ( 54f0,5518)
Parsing block ( 5518,5544)
5540 : s_branch 0x5564 ( 5564 ) 
Parsing block ( 5544,5554)
5550 : s_cbranch_scc1 0x5560 ( 5560 ) 
Parsing block ( 5554,555c)
5558 : s_cbranch_execnz 0x5564 ( 5564 ) 
Parsing block ( 555c,5560)
555c : s_branch 0x558c ( 558c ) 
Parsing block ( 5560,5564)
5560 : s_branch 0x558c ( 558c ) 
Parsing block ( 5564,5570)
556c : s_cbranch_execz 0x5544 ( 5544 ) 
Parsing block ( 5570,558c)
5588 : s_branch 0x5544 ( 5544 ) 
Parsing block ( 558c,559c)
5598 : s_cbranch_execz 0x4da0 ( 4da0 ) 
Parsing block ( 559c,5638)
5634 : s_cbranch_execz 0x4da0 ( 4da0 ) 
Parsing block ( 5638,563c)
Parsing block ( 563c,5670)
566c : s_cbranch_execnz 0x563c ( 563c ) 
Parsing block ( 5670,5674)
5670 : s_branch 0x4da0 ( 4da0 ) 
Parsing block ( 5674,5678)
5674 : s_branch 0x51c0 ( 51c0 ) 
Parsing block ( 5678,567c)
5678 : s_cbranch_execnz 0x5684 ( 5684 ) 
Parsing block ( 567c,5680)
567c : s_branch 0x5b58 ( 5b58 ) 
Parsing block ( 5680,5684)
5680 : s_branch 0x5b58 ( 5b58 ) 
Parsing block ( 5684,56a4)
56a0 : s_cbranch_execz 0x57b8 ( 57b8 ) 
Parsing block ( 56a4,572c)
5728 : s_cbranch_execz 0x57b4 ( 57b4 ) 
Parsing block ( 572c,5730)
Parsing block ( 5730,57b0)
57ac : s_cbranch_execnz 0x5730 ( 5730 ) 
Parsing block ( 57b0,57b4)
Parsing block ( 57b4,57b8)
Parsing block ( 57b8,57f4)
57f0 : s_cbranch_execz 0x582c ( 582c ) 
Parsing block ( 57f4,582c)
Parsing block ( 582c,58bc)
58b8 : s_cbranch_execz 0x59f8 ( 59f8 ) 
Parsing block ( 58bc,5928)
5924 : s_cbranch_execz 0x5968 ( 5968 ) 
Parsing block ( 5928,592c)
Parsing block ( 592c,5968)
5964 : s_cbranch_execnz 0x592c ( 592c ) 
Parsing block ( 5968,5998)
5994 : s_cbranch_execz 0x59b0 ( 59b0 ) 
Parsing block ( 5998,59b0)
Parsing block ( 59b0,59cc)
59c8 : s_cbranch_vccnz 0x59f8 ( 59f8 ) 
Parsing block ( 59cc,59f8)
Parsing block ( 59f8,5a24)
5a20 : s_branch 0x5a44 ( 5a44 ) 
Parsing block ( 5a24,5a34)
5a30 : s_cbranch_scc1 0x5a40 ( 5a40 ) 
Parsing block ( 5a34,5a3c)
5a38 : s_cbranch_execnz 0x5a44 ( 5a44 ) 
Parsing block ( 5a3c,5a40)
5a3c : s_branch 0x5a6c ( 5a6c ) 
Parsing block ( 5a40,5a44)
5a40 : s_branch 0x5a6c ( 5a6c ) 
Parsing block ( 5a44,5a50)
5a4c : s_cbranch_execz 0x5a24 ( 5a24 ) 
Parsing block ( 5a50,5a6c)
5a68 : s_branch 0x5a24 ( 5a24 ) 
Parsing block ( 5a6c,5a7c)
5a78 : s_cbranch_execz 0x5b54 ( 5b54 ) 
Parsing block ( 5a7c,5b20)
5b1c : s_cbranch_execz 0x5b54 ( 5b54 ) 
Parsing block ( 5b20,5b54)
5b50 : s_cbranch_execnz 0x5b20 ( 5b20 ) 
Parsing block ( 5b54,5b58)
Parsing block ( 5b58,5b74)
5b70 : s_cbranch_execz 0x5c88 ( 5c88 ) 
Parsing block ( 5b74,5bfc)
5bf8 : s_cbranch_execz 0x5c84 ( 5c84 ) 
Parsing block ( 5bfc,5c00)
Parsing block ( 5c00,5c80)
5c7c : s_cbranch_execnz 0x5c00 ( 5c00 ) 
Parsing block ( 5c80,5c84)
Parsing block ( 5c84,5c88)
Parsing block ( 5c88,5cc8)
5cc4 : s_cbranch_execz 0x5d00 ( 5d00 ) 
Parsing block ( 5cc8,5d00)
Parsing block ( 5d00,5d9c)
5d98 : s_cbranch_execz 0x5ed8 ( 5ed8 ) 
Parsing block ( 5d9c,5e08)
5e04 : s_cbranch_execz 0x5e48 ( 5e48 ) 
Parsing block ( 5e08,5e0c)
Parsing block ( 5e0c,5e48)
5e44 : s_cbranch_execnz 0x5e0c ( 5e0c ) 
Parsing block ( 5e48,5e78)
5e74 : s_cbranch_execz 0x5e90 ( 5e90 ) 
Parsing block ( 5e78,5e90)
Parsing block ( 5e90,5eac)
5ea8 : s_cbranch_vccnz 0x5ed8 ( 5ed8 ) 
Parsing block ( 5eac,5ed8)
Parsing block ( 5ed8,5f04)
5f00 : s_branch 0x5f24 ( 5f24 ) 
Parsing block ( 5f04,5f14)
5f10 : s_cbranch_scc1 0x5f20 ( 5f20 ) 
Parsing block ( 5f14,5f1c)
5f18 : s_cbranch_execnz 0x5f24 ( 5f24 ) 
Parsing block ( 5f1c,5f20)
5f1c : s_branch 0x5f4c ( 5f4c ) 
Parsing block ( 5f20,5f24)
5f20 : s_branch 0x5f4c ( 5f4c ) 
Parsing block ( 5f24,5f30)
5f2c : s_cbranch_execz 0x5f04 ( 5f04 ) 
Parsing block ( 5f30,5f4c)
5f48 : s_branch 0x5f04 ( 5f04 ) 
Parsing block ( 5f4c,5f54)
5f50 : s_cbranch_execz 0x602c ( 602c ) 
Parsing block ( 5f54,5ff8)
5ff4 : s_cbranch_execz 0x602c ( 602c ) 
Parsing block ( 5ff8,602c)
6028 : s_cbranch_execnz 0x5ff8 ( 5ff8 ) 
Parsing block ( 602c,6038)
6034 : s_setpc_b64 s[30:31] ( ffffffffffffffff ) 
Parsing function call_fn at addreess 0x6100
Parsing block ( 6100,6140)
613c : s_cbranch_execz 0x6160 ( 6160 ) 
Parsing block ( 6140,6160)
615c : s_swappc_b64 s[30:31], s[4:5] ( 4878 ) 
Parsing block ( 6160,6168)
6164 : s_cbranch_execz 0x61c0 ( 61c0 ) 
Parsing block ( 6168,6178)
6174 : s_cbranch_execz 0x6198 ( 6198 ) 
Parsing block ( 6178,6198)
6194 : s_swappc_b64 s[30:31], s[4:5] ( 1900 ) 
Parsing block ( 6198,61a0)
619c : s_cbranch_execz 0x61c0 ( 61c0 ) 
Parsing block ( 61a0,61c0)
61bc : s_swappc_b64 s[30:31], s[4:5] ( 30b4 ) 
Parsing block ( 61c0,61c4)
