Parsing function __cxa_pure_virtual at addreess 0x3100
Parsing block ( 3100,3134)
Parsing block ( 3134,3168)
Parsing block ( 3168,31b4)
31b0 : s_cbranch_execz 0x31d4 ( 31d4 ) 
Parsing block ( 31b4,31d4)
Parsing block ( 31d4,3200)
31fc : s_setpc_b64 s[30:31] ( ffffffffffffffff ) 
Parsing function __cxa_deleted_virtual at addreess 0x3134
Parsing block ( 3134,3168)
Parsing block ( 3168,31b4)
31b0 : s_cbranch_execz 0x31d4 ( 31d4 ) 
Parsing block ( 31b4,31d4)
Parsing block ( 31d4,3200)
31fc : s_setpc_b64 s[30:31] ( ffffffffffffffff ) 
Parsing function __ockl_get_group_id at addreess 0x3168
Parsing block ( 3168,31b4)
31b0 : s_cbranch_execz 0x31d4 ( 31d4 ) 
Parsing block ( 31b4,31d4)
Parsing block ( 31d4,3200)
31fc : s_setpc_b64 s[30:31] ( ffffffffffffffff ) 
Parsing function __ockl_get_num_groups at addreess 0x3200
Parsing block ( 3200,32a4)
32a0 : s_setpc_b64 s[30:31] ( ffffffffffffffff ) 
Parsing function __ockl_get_local_size at addreess 0x32a4
Parsing block ( 32a4,32e4)
32e0 : s_cbranch_execz 0x32fc ( 32fc ) 
Parsing block ( 32e4,32fc)
Parsing block ( 32fc,330c)
3308 : s_cbranch_execz 0x3364 ( 3364 ) 
Parsing block ( 330c,331c)
3318 : s_cbranch_execz 0x3334 ( 3334 ) 
Parsing block ( 331c,3334)
Parsing block ( 3334,3344)
3340 : s_cbranch_execz 0x3360 ( 3360 ) 
Parsing block ( 3344,3360)
Parsing block ( 3360,3364)
Parsing block ( 3364,339c)
3398 : s_setpc_b64 s[30:31] ( ffffffffffffffff ) 
Parsing function __ockl_get_local_id at addreess 0x339c
Parsing block ( 339c,33ec)
33e8 : s_cbranch_execz 0x3410 ( 3410 ) 
Parsing block ( 33ec,3410)
Parsing block ( 3410,3438)
3434 : s_setpc_b64 s[30:31] ( ffffffffffffffff ) 
Parsing function getGlobalThreadID at addreess 0x3438
Parsing block ( 3438,34cc)
34c8 : s_swappc_b64 s[30:31], s[16:17] ( ffffffffffffffff ) 
Parsing function (anonymous namespace)::trivialKernel.intern.48040ecdd116955e at addreess 0x3700
Parsing block ( 3700,3754)
3750 : s_swappc_b64 s[30:31], s[16:17] ( ffffffffffffffff ) 
Parsing function MC_Vector::MC_Vector at addreess 0x3790
Parsing block ( 3790,382c)
3828 : s_setpc_b64 s[30:31] ( ffffffffffffffff ) 
Parsing function DirectionCosine::DirectionCosine at addreess 0x382c
Parsing block ( 382c,38c8)
38c4 : s_setpc_b64 s[30:31] ( ffffffffffffffff ) 
Parsing function MC_Particle::MC_Particle at addreess 0x38c8
Parsing block ( 38c8,396c)
3968 : s_swappc_b64 s[30:31], s[18:19] ( ffffffffffffffff ) 
Parsing function qs_vector<MC_Base_Particle>::size at addreess 0x3aa4
Parsing block ( 3aa4,3b34)
3b30 : s_setpc_b64 s[30:31] ( ffffffffffffffff ) 
Parsing function ParticleVault::size at addreess 0x3b34
Parsing block ( 3b34,3bd0)
3bcc : s_swappc_b64 s[30:31], s[0:1] ( ffffffffffffffff ) 
Parsing function __ockl_printf_begin.41 at addreess 0x3c18
Parsing block ( 3c18,3c7c)
3c78 : s_cbranch_execz 0x3d84 ( 3d84 ) 
Parsing block ( 3c7c,3d08)
3d04 : s_cbranch_execz 0x3d80 ( 3d80 ) 
Parsing block ( 3d08,3d0c)
Parsing block ( 3d0c,3d7c)
3d78 : s_cbranch_execnz 0x3d0c ( 3d0c ) 
Parsing block ( 3d7c,3d80)
Parsing block ( 3d80,3d84)
Parsing block ( 3d84,3dd0)
3dcc : s_cbranch_execz 0x3df4 ( 3df4 ) 
Parsing block ( 3dd0,3df4)
Parsing block ( 3df4,3e64)
3e60 : s_cbranch_execz 0x3fb8 ( 3fb8 ) 
Parsing block ( 3e64,3edc)
3ed8 : s_cbranch_execz 0x3f20 ( 3f20 ) 
Parsing block ( 3edc,3ee0)
Parsing block ( 3ee0,3f20)
3f1c : s_cbranch_execnz 0x3ee0 ( 3ee0 ) 
Parsing block ( 3f20,3f50)
3f4c : s_cbranch_execz 0x3f6c ( 3f6c ) 
Parsing block ( 3f50,3f6c)
Parsing block ( 3f6c,3f88)
3f84 : s_cbranch_vccnz 0x3fb8 ( 3fb8 ) 
Parsing block ( 3f88,3fb8)
Parsing block ( 3fb8,3fd4)
3fd0 : s_branch 0x3ff4 ( 3ff4 ) 
Parsing block ( 3fd4,3fe4)
3fe0 : s_cbranch_scc1 0x3ff0 ( 3ff0 ) 
Parsing block ( 3fe4,3fec)
3fe8 : s_cbranch_execnz 0x3ff4 ( 3ff4 ) 
Parsing block ( 3fec,3ff0)
3fec : s_branch 0x401c ( 401c ) 
Parsing block ( 3ff0,3ff4)
3ff0 : s_branch 0x401c ( 401c ) 
Parsing block ( 3ff4,4000)
3ffc : s_cbranch_execz 0x3fd4 ( 3fd4 ) 
Parsing block ( 4000,401c)
4018 : s_branch 0x3fd4 ( 3fd4 ) 
Parsing block ( 401c,402c)
4028 : s_cbranch_execz 0x410c ( 410c ) 
Parsing block ( 402c,40d4)
40d0 : s_cbranch_execz 0x410c ( 410c ) 
Parsing block ( 40d4,410c)
4108 : s_cbranch_execnz 0x40d4 ( 40d4 ) 
Parsing block ( 410c,4130)
412c : s_setpc_b64 s[30:31] ( ffffffffffffffff ) 
Parsing function __ockl_printf_append_string_n.43 at addreess 0x4130
Parsing block ( 4130,41a4)
41a0 : s_cbranch_scc0 0x4ce0 ( 4ce0 ) 
Parsing block ( 41a4,41dc)
41d8 : s_branch 0x4204 ( 4204 ) 
Parsing block ( 41dc,4204)
4200 : s_cbranch_execz 0x4ce8 ( 4ce8 ) 
Parsing block ( 4204,4224)
4220 : s_cbranch_execz 0x42a4 ( 42a4 ) 
Parsing block ( 4224,4238)
4234 : s_cbranch_execz 0x429c ( 429c ) 
Parsing block ( 4238,4250)
Parsing block ( 4250,4298)
4294 : s_cbranch_execnz 0x4250 ( 4250 ) 
Parsing block ( 4298,429c)
Parsing block ( 429c,42a4)
Parsing block ( 42a4,42b8)
42b4 : s_cbranch_execz 0x4300 ( 4300 ) 
Parsing block ( 42b8,4300)
Parsing block ( 4300,4314)
4310 : s_cbranch_execz 0x4390 ( 4390 ) 
Parsing block ( 4314,4324)
4320 : s_cbranch_execz 0x4388 ( 4388 ) 
Parsing block ( 4324,4334)
Parsing block ( 4334,4384)
4380 : s_cbranch_execnz 0x4334 ( 4334 ) 
Parsing block ( 4384,4388)
Parsing block ( 4388,4390)
Parsing block ( 4390,43a0)
439c : s_cbranch_execz 0x43e8 ( 43e8 ) 
Parsing block ( 43a0,43e8)
Parsing block ( 43e8,43fc)
43f8 : s_cbranch_execz 0x4478 ( 4478 ) 
Parsing block ( 43fc,440c)
4408 : s_cbranch_execz 0x4470 ( 4470 ) 
Parsing block ( 440c,441c)
Parsing block ( 441c,446c)
4468 : s_cbranch_execnz 0x441c ( 441c ) 
Parsing block ( 446c,4470)
Parsing block ( 4470,4478)
Parsing block ( 4478,4488)
4484 : s_cbranch_execz 0x44d0 ( 44d0 ) 
Parsing block ( 4488,44d0)
Parsing block ( 44d0,44e4)
44e0 : s_cbranch_execz 0x4560 ( 4560 ) 
Parsing block ( 44e4,44f4)
44f0 : s_cbranch_execz 0x4558 ( 4558 ) 
Parsing block ( 44f4,4504)
Parsing block ( 4504,4554)
4550 : s_cbranch_execnz 0x4504 ( 4504 ) 
Parsing block ( 4554,4558)
Parsing block ( 4558,4560)
Parsing block ( 4560,4570)
456c : s_cbranch_execz 0x45b8 ( 45b8 ) 
Parsing block ( 4570,45b8)
Parsing block ( 45b8,45cc)
45c8 : s_cbranch_execz 0x4648 ( 4648 ) 
Parsing block ( 45cc,45dc)
45d8 : s_cbranch_execz 0x4640 ( 4640 ) 
Parsing block ( 45dc,45ec)
Parsing block ( 45ec,463c)
4638 : s_cbranch_execnz 0x45ec ( 45ec ) 
Parsing block ( 463c,4640)
Parsing block ( 4640,4648)
Parsing block ( 4648,4658)
4654 : s_cbranch_execz 0x46a0 ( 46a0 ) 
Parsing block ( 4658,46a0)
Parsing block ( 46a0,46b4)
46b0 : s_cbranch_execz 0x4730 ( 4730 ) 
Parsing block ( 46b4,46c4)
46c0 : s_cbranch_execz 0x4728 ( 4728 ) 
Parsing block ( 46c4,46d4)
Parsing block ( 46d4,4724)
4720 : s_cbranch_execnz 0x46d4 ( 46d4 ) 
Parsing block ( 4724,4728)
Parsing block ( 4728,4730)
Parsing block ( 4730,4740)
473c : s_cbranch_execz 0x4788 ( 4788 ) 
Parsing block ( 4740,4788)
Parsing block ( 4788,479c)
4798 : s_cbranch_execz 0x480c ( 480c ) 
Parsing block ( 479c,47ac)
47a8 : s_cbranch_execz 0x4808 ( 4808 ) 
Parsing block ( 47ac,47b8)
Parsing block ( 47b8,4804)
4800 : s_cbranch_execnz 0x47b8 ( 47b8 ) 
Parsing block ( 4804,4808)
Parsing block ( 4808,480c)
Parsing block ( 480c,4814)
4810 : s_cbranch_execz 0x4850 ( 4850 ) 
Parsing block ( 4814,4850)
Parsing block ( 4850,4874)
4870 : s_cbranch_execz 0x4978 ( 4978 ) 
Parsing block ( 4874,48fc)
48f8 : s_cbranch_execz 0x4974 ( 4974 ) 
Parsing block ( 48fc,4900)
Parsing block ( 4900,4970)
496c : s_cbranch_execnz 0x4900 ( 4900 ) 
Parsing block ( 4970,4974)
Parsing block ( 4974,4978)
Parsing block ( 4978,49c0)
49bc : s_cbranch_execz 0x49dc ( 49dc ) 
Parsing block ( 49c0,49dc)
Parsing block ( 49dc,4a4c)
4a48 : s_cbranch_execz 0x4b8c ( 4b8c ) 
Parsing block ( 4a4c,4ab8)
4ab4 : s_cbranch_execz 0x4afc ( 4afc ) 
Parsing block ( 4ab8,4abc)
Parsing block ( 4abc,4afc)
4af8 : s_cbranch_execnz 0x4abc ( 4abc ) 
Parsing block ( 4afc,4b28)
4b24 : s_cbranch_execz 0x4b44 ( 4b44 ) 
Parsing block ( 4b28,4b44)
Parsing block ( 4b44,4b60)
4b5c : s_cbranch_vccnz 0x4b8c ( 4b8c ) 
Parsing block ( 4b60,4b8c)
Parsing block ( 4b8c,4ba8)
4ba4 : s_branch 0x4bc8 ( 4bc8 ) 
Parsing block ( 4ba8,4bb8)
4bb4 : s_cbranch_scc1 0x4bc4 ( 4bc4 ) 
Parsing block ( 4bb8,4bc0)
4bbc : s_cbranch_execnz 0x4bc8 ( 4bc8 ) 
Parsing block ( 4bc0,4bc4)
4bc0 : s_branch 0x4bf0 ( 4bf0 ) 
Parsing block ( 4bc4,4bc8)
4bc4 : s_branch 0x4bf0 ( 4bf0 ) 
Parsing block ( 4bc8,4bd4)
4bd0 : s_cbranch_execz 0x4ba8 ( 4ba8 ) 
Parsing block ( 4bd4,4bf0)
4bec : s_branch 0x4ba8 ( 4ba8 ) 
Parsing block ( 4bf0,4c00)
4bfc : s_cbranch_execz 0x41dc ( 41dc ) 
Parsing block ( 4c00,4ca0)
4c9c : s_cbranch_execz 0x41dc ( 41dc ) 
Parsing block ( 4ca0,4ca4)
Parsing block ( 4ca4,4cdc)
4cd8 : s_cbranch_execnz 0x4ca4 ( 4ca4 ) 
Parsing block ( 4cdc,4ce0)
4cdc : s_branch 0x41dc ( 41dc ) 
Parsing block ( 4ce0,4ce4)
4ce0 : s_cbranch_execnz 0x4cf0 ( 4cf0 ) 
Parsing block ( 4ce4,4ce8)
4ce4 : s_branch 0x51a4 ( 51a4 ) 
Parsing block ( 4ce8,4cf0)
4cec : s_branch 0x51a4 ( 51a4 ) 
Parsing block ( 4cf0,4d0c)
4d08 : s_cbranch_execz 0x4e14 ( 4e14 ) 
Parsing block ( 4d0c,4d98)
4d94 : s_cbranch_execz 0x4e10 ( 4e10 ) 
Parsing block ( 4d98,4d9c)
Parsing block ( 4d9c,4e0c)
4e08 : s_cbranch_execnz 0x4d9c ( 4d9c ) 
Parsing block ( 4e0c,4e10)
Parsing block ( 4e10,4e14)
Parsing block ( 4e14,4e60)
4e5c : s_cbranch_execz 0x4e84 ( 4e84 ) 
Parsing block ( 4e60,4e84)
Parsing block ( 4e84,4ef8)
4ef4 : s_cbranch_execz 0x504c ( 504c ) 
Parsing block ( 4ef8,4f70)
4f6c : s_cbranch_execz 0x4fb4 ( 4fb4 ) 
Parsing block ( 4f70,4f74)
Parsing block ( 4f74,4fb4)
4fb0 : s_cbranch_execnz 0x4f74 ( 4f74 ) 
Parsing block ( 4fb4,4fe4)
4fe0 : s_cbranch_execz 0x5000 ( 5000 ) 
Parsing block ( 4fe4,5000)
Parsing block ( 5000,501c)
5018 : s_cbranch_vccnz 0x504c ( 504c ) 
Parsing block ( 501c,504c)
Parsing block ( 504c,5068)
5064 : s_branch 0x5088 ( 5088 ) 
Parsing block ( 5068,5078)
5074 : s_cbranch_scc1 0x5084 ( 5084 ) 
Parsing block ( 5078,5080)
507c : s_cbranch_execnz 0x5088 ( 5088 ) 
Parsing block ( 5080,5084)
5080 : s_branch 0x50b0 ( 50b0 ) 
Parsing block ( 5084,5088)
5084 : s_branch 0x50b0 ( 50b0 ) 
Parsing block ( 5088,5094)
5090 : s_cbranch_execz 0x5068 ( 5068 ) 
Parsing block ( 5094,50b0)
50ac : s_branch 0x5068 ( 5068 ) 
Parsing block ( 50b0,50c0)
50bc : s_cbranch_execz 0x51a0 ( 51a0 ) 
Parsing block ( 50c0,5168)
5164 : s_cbranch_execz 0x51a0 ( 51a0 ) 
Parsing block ( 5168,51a0)
519c : s_cbranch_execnz 0x5168 ( 5168 ) 
Parsing block ( 51a0,51a4)
Parsing block ( 51a4,51d0)
51cc : s_setpc_b64 s[30:31] ( ffffffffffffffff ) 
Parsing function qs_vector<MC_Base_Particle>::operator[] at addreess 0x51d0
Parsing block ( 51d0,52d0)
52cc : s_setpc_b64 s[30:31] ( ffffffffffffffff ) 
Parsing function MC_Vector::operator= at addreess 0x52d0
Parsing block ( 52d0,537c)
5378 : s_cbranch_execz 0x5380 ( 5380 ) 
Parsing block ( 537c,5380)
537c : s_branch 0x53a0 ( 53a0 ) 
Parsing block ( 5380,5390)
538c : s_cbranch_execz 0x541c ( 541c ) 
Parsing block ( 5390,53a0)
539c : s_branch 0x541c ( 541c ) 
Parsing block ( 53a0,541c)
5418 : s_branch 0x5380 ( 5380 ) 
Parsing block ( 541c,5444)
5440 : s_setpc_b64 s[30:31] ( ffffffffffffffff ) 
Parsing function MC_Base_Particle::MC_Base_Particle at addreess 0x5444
Parsing block ( 5444,5518)
5514 : s_swappc_b64 s[30:31], s[26:27] ( ffffffffffffffff ) 
Parsing function MC_Vector::Length at addreess 0x5800
Parsing block ( 5800,59c8)
59c4 : s_setpc_b64 s[30:31] ( ffffffffffffffff ) 
Parsing function MC_Particle::MC_Particle at addreess 0x59c8
Parsing block ( 59c8,5b14)
5b10 : s_swappc_b64 s[30:31], s[0:1] ( ffffffffffffffff ) 
Parsing function DirectionCosine::operator= at addreess 0x6078
Parsing block ( 6078,6180)
617c : s_setpc_b64 s[30:31] ( ffffffffffffffff ) 
Parsing function MC_Particle::operator= at addreess 0x6180
Parsing block ( 6180,6270)
626c : s_swappc_b64 s[30:31], s[26:27] ( ffffffffffffffff ) 
Parsing function ParticleVault::getParticle at addreess 0x641c
Parsing block ( 641c,6544)
6540 : s_swappc_b64 s[30:31], s[0:1] ( ffffffffffffffff ) 
Parsing function qs_vector<double>::size at addreess 0x6924
Parsing block ( 6924,69b4)
69b0 : s_setpc_b64 s[30:31] ( ffffffffffffffff ) 
Parsing function qs_vector<double>::operator[] at addreess 0x69b4
Parsing block ( 69b4,6a8c)
6a88 : s_setpc_b64 s[30:31] ( ffffffffffffffff ) 
Parsing function NuclearData::getEnergyGroup at addreess 0x6a8c
Parsing block ( 6a8c,6b7c)
6b78 : s_swappc_b64 s[30:31], s[0:1] ( ffffffffffffffff ) 
Parsing function MC_Load_Particle at addreess 0x6f58
Parsing block ( 6f58,70ac)
70a8 : s_swappc_b64 s[30:31], s[0:1] ( ffffffffffffffff ) 
Parsing function Tallies::GetNumBalanceReplications at addreess 0x7270
Parsing block ( 7270,7300)
72fc : s_setpc_b64 s[30:31] ( ffffffffffffffff ) 
Parsing function Tallies::GetNumFluxReplications at addreess 0x7300
Parsing block ( 7300,7390)
738c : s_setpc_b64 s[30:31] ( ffffffffffffffff ) 
Parsing function Tallies::GetNumCellTallyReplications at addreess 0x7390
Parsing block ( 7390,7420)
741c : s_setpc_b64 s[30:31] ( ffffffffffffffff ) 
Parsing function MC_Particle::Get_Velocity at addreess 0x7420
Parsing block ( 7420,74c0)
74bc : s_setpc_b64 s[30:31] ( ffffffffffffffff ) 
Parsing function __ockl_printf_begin.57 at addreess 0x74c0
Parsing block ( 74c0,7524)
7520 : s_cbranch_execz 0x762c ( 762c ) 
Parsing block ( 7524,75b0)
75ac : s_cbranch_execz 0x7628 ( 7628 ) 
Parsing block ( 75b0,75b4)
Parsing block ( 75b4,7624)
7620 : s_cbranch_execnz 0x75b4 ( 75b4 ) 
Parsing block ( 7624,7628)
Parsing block ( 7628,762c)
Parsing block ( 762c,7678)
7674 : s_cbranch_execz 0x769c ( 769c ) 
Parsing block ( 7678,769c)
Parsing block ( 769c,770c)
7708 : s_cbranch_execz 0x7860 ( 7860 ) 
Parsing block ( 770c,7784)
7780 : s_cbranch_execz 0x77c8 ( 77c8 ) 
Parsing block ( 7784,7788)
Parsing block ( 7788,77c8)
77c4 : s_cbranch_execnz 0x7788 ( 7788 ) 
Parsing block ( 77c8,77f8)
77f4 : s_cbranch_execz 0x7814 ( 7814 ) 
Parsing block ( 77f8,7814)
Parsing block ( 7814,7830)
782c : s_cbranch_vccnz 0x7860 ( 7860 ) 
Parsing block ( 7830,7860)
Parsing block ( 7860,787c)
7878 : s_branch 0x789c ( 789c ) 
Parsing block ( 787c,788c)
7888 : s_cbranch_scc1 0x7898 ( 7898 ) 
Parsing block ( 788c,7894)
7890 : s_cbranch_execnz 0x789c ( 789c ) 
Parsing block ( 7894,7898)
7894 : s_branch 0x78c4 ( 78c4 ) 
Parsing block ( 7898,789c)
7898 : s_branch 0x78c4 ( 78c4 ) 
Parsing block ( 789c,78a8)
78a4 : s_cbranch_execz 0x787c ( 787c ) 
Parsing block ( 78a8,78c4)
78c0 : s_branch 0x787c ( 787c ) 
Parsing block ( 78c4,78d4)
78d0 : s_cbranch_execz 0x79b4 ( 79b4 ) 
Parsing block ( 78d4,797c)
7978 : s_cbranch_execz 0x79b4 ( 79b4 ) 
Parsing block ( 797c,79b4)
79b0 : s_cbranch_execnz 0x797c ( 797c ) 
Parsing block ( 79b4,79d8)
79d4 : s_setpc_b64 s[30:31] ( ffffffffffffffff ) 
Parsing function __ockl_printf_append_string_n.59 at addreess 0x79d8
Parsing block ( 79d8,7a40)
7a3c : s_cbranch_execz 0x87b8 ( 87b8 ) 
Parsing block ( 7a40,7a5c)
7a58 : s_branch 0x7a84 ( 7a84 ) 
Parsing block ( 7a5c,7a84)
7a80 : s_cbranch_execz 0x87b4 ( 87b4 ) 
Parsing block ( 7a84,7aa4)
7aa0 : s_cbranch_execz 0x7b24 ( 7b24 ) 
Parsing block ( 7aa4,7ab8)
7ab4 : s_cbranch_execz 0x7b1c ( 7b1c ) 
Parsing block ( 7ab8,7ad0)
Parsing block ( 7ad0,7b18)
7b14 : s_cbranch_execnz 0x7ad0 ( 7ad0 ) 
Parsing block ( 7b18,7b1c)
Parsing block ( 7b1c,7b24)
Parsing block ( 7b24,7b38)
7b34 : s_cbranch_execz 0x7bd8 ( 7bd8 ) 
Parsing block ( 7b38,7bd8)
Parsing block ( 7bd8,7bec)
7be8 : s_cbranch_execz 0x7c68 ( 7c68 ) 
Parsing block ( 7bec,7bfc)
7bf8 : s_cbranch_execz 0x7c60 ( 7c60 ) 
Parsing block ( 7bfc,7c0c)
Parsing block ( 7c0c,7c5c)
7c58 : s_cbranch_execnz 0x7c0c ( 7c0c ) 
Parsing block ( 7c5c,7c60)
Parsing block ( 7c60,7c68)
Parsing block ( 7c68,7c78)
7c74 : s_cbranch_execz 0x7d14 ( 7d14 ) 
Parsing block ( 7c78,7d14)
Parsing block ( 7d14,7d28)
7d24 : s_cbranch_execz 0x7da4 ( 7da4 ) 
Parsing block ( 7d28,7d38)
7d34 : s_cbranch_execz 0x7d9c ( 7d9c ) 
Parsing block ( 7d38,7d48)
Parsing block ( 7d48,7d98)
7d94 : s_cbranch_execnz 0x7d48 ( 7d48 ) 
Parsing block ( 7d98,7d9c)
Parsing block ( 7d9c,7da4)
Parsing block ( 7da4,7db4)
7db0 : s_cbranch_execz 0x7e50 ( 7e50 ) 
Parsing block ( 7db4,7e50)
Parsing block ( 7e50,7e64)
7e60 : s_cbranch_execz 0x7ee0 ( 7ee0 ) 
Parsing block ( 7e64,7e74)
7e70 : s_cbranch_execz 0x7ed8 ( 7ed8 ) 
Parsing block ( 7e74,7e84)
Parsing block ( 7e84,7ed4)
7ed0 : s_cbranch_execnz 0x7e84 ( 7e84 ) 
Parsing block ( 7ed4,7ed8)
Parsing block ( 7ed8,7ee0)
Parsing block ( 7ee0,7ef0)
7eec : s_cbranch_execz 0x7f8c ( 7f8c ) 
Parsing block ( 7ef0,7f8c)
Parsing block ( 7f8c,7fa0)
7f9c : s_cbranch_execz 0x801c ( 801c ) 
Parsing block ( 7fa0,7fb0)
7fac : s_cbranch_execz 0x8014 ( 8014 ) 
Parsing block ( 7fb0,7fc0)
Parsing block ( 7fc0,8010)
800c : s_cbranch_execnz 0x7fc0 ( 7fc0 ) 
Parsing block ( 8010,8014)
Parsing block ( 8014,801c)
Parsing block ( 801c,802c)
8028 : s_cbranch_execz 0x80c8 ( 80c8 ) 
Parsing block ( 802c,80c8)
Parsing block ( 80c8,80dc)
80d8 : s_cbranch_execz 0x8158 ( 8158 ) 
Parsing block ( 80dc,80ec)
80e8 : s_cbranch_execz 0x8150 ( 8150 ) 
Parsing block ( 80ec,80fc)
Parsing block ( 80fc,814c)
8148 : s_cbranch_execnz 0x80fc ( 80fc ) 
Parsing block ( 814c,8150)
Parsing block ( 8150,8158)
Parsing block ( 8158,8168)
8164 : s_cbranch_execz 0x8204 ( 8204 ) 
Parsing block ( 8168,8204)
Parsing block ( 8204,8218)
8214 : s_cbranch_execz 0x8288 ( 8288 ) 
Parsing block ( 8218,8228)
8224 : s_cbranch_execz 0x8284 ( 8284 ) 
Parsing block ( 8228,8234)
Parsing block ( 8234,8280)
827c : s_cbranch_execnz 0x8234 ( 8234 ) 
Parsing block ( 8280,8284)
Parsing block ( 8284,8288)
Parsing block ( 8288,8290)
828c : s_cbranch_execz 0x8324 ( 8324 ) 
Parsing block ( 8290,8324)
Parsing block ( 8324,8348)
8344 : s_cbranch_execz 0x844c ( 844c ) 
Parsing block ( 8348,83d0)
83cc : s_cbranch_execz 0x8448 ( 8448 ) 
Parsing block ( 83d0,83d4)
Parsing block ( 83d4,8444)
8440 : s_cbranch_execnz 0x83d4 ( 83d4 ) 
Parsing block ( 8444,8448)
Parsing block ( 8448,844c)
Parsing block ( 844c,8494)
8490 : s_cbranch_execz 0x84b0 ( 84b0 ) 
Parsing block ( 8494,84b0)
Parsing block ( 84b0,8520)
851c : s_cbranch_execz 0x8660 ( 8660 ) 
Parsing block ( 8520,858c)
8588 : s_cbranch_execz 0x85d0 ( 85d0 ) 
Parsing block ( 858c,8590)
Parsing block ( 8590,85d0)
85cc : s_cbranch_execnz 0x8590 ( 8590 ) 
Parsing block ( 85d0,85fc)
85f8 : s_cbranch_execz 0x8618 ( 8618 ) 
Parsing block ( 85fc,8618)
Parsing block ( 8618,8634)
8630 : s_cbranch_vccnz 0x8660 ( 8660 ) 
Parsing block ( 8634,8660)
Parsing block ( 8660,867c)
8678 : s_branch 0x869c ( 869c ) 
Parsing block ( 867c,868c)
8688 : s_cbranch_scc1 0x8698 ( 8698 ) 
Parsing block ( 868c,8694)
8690 : s_cbranch_execnz 0x869c ( 869c ) 
Parsing block ( 8694,8698)
8694 : s_branch 0x86c4 ( 86c4 ) 
Parsing block ( 8698,869c)
8698 : s_branch 0x86c4 ( 86c4 ) 
Parsing block ( 869c,86a8)
86a4 : s_cbranch_execz 0x867c ( 867c ) 
Parsing block ( 86a8,86c4)
86c0 : s_branch 0x867c ( 867c ) 
Parsing block ( 86c4,86d4)
86d0 : s_cbranch_execz 0x7a5c ( 7a5c ) 
Parsing block ( 86d4,8774)
8770 : s_cbranch_execz 0x7a5c ( 7a5c ) 
Parsing block ( 8774,8778)
Parsing block ( 8778,87b0)
87ac : s_cbranch_execnz 0x8778 ( 8778 ) 
Parsing block ( 87b0,87b4)
87b0 : s_branch 0x7a5c ( 7a5c ) 
Parsing block ( 87b4,87b8)
Parsing block ( 87b8,87c0)
87bc : s_cbranch_execz 0x8c7c ( 8c7c ) 
Parsing block ( 87c0,87e0)
87dc : s_cbranch_execz 0x88e8 ( 88e8 ) 
Parsing block ( 87e0,886c)
8868 : s_cbranch_execz 0x88e4 ( 88e4 ) 
Parsing block ( 886c,8870)
Parsing block ( 8870,88e0)
88dc : s_cbranch_execnz 0x8870 ( 8870 ) 
Parsing block ( 88e0,88e4)
Parsing block ( 88e4,88e8)
Parsing block ( 88e8,8934)
8930 : s_cbranch_execz 0x8958 ( 8958 ) 
Parsing block ( 8934,8958)
Parsing block ( 8958,89cc)
89c8 : s_cbranch_execz 0x8b20 ( 8b20 ) 
Parsing block ( 89cc,8a44)
8a40 : s_cbranch_execz 0x8a88 ( 8a88 ) 
Parsing block ( 8a44,8a48)
Parsing block ( 8a48,8a88)
8a84 : s_cbranch_execnz 0x8a48 ( 8a48 ) 
Parsing block ( 8a88,8ab8)
8ab4 : s_cbranch_execz 0x8ad4 ( 8ad4 ) 
Parsing block ( 8ab8,8ad4)
Parsing block ( 8ad4,8af0)
8aec : s_cbranch_vccnz 0x8b20 ( 8b20 ) 
Parsing block ( 8af0,8b20)
Parsing block ( 8b20,8b3c)
8b38 : s_branch 0x8b5c ( 8b5c ) 
Parsing block ( 8b3c,8b4c)
8b48 : s_cbranch_scc1 0x8b58 ( 8b58 ) 
Parsing block ( 8b4c,8b54)
8b50 : s_cbranch_execnz 0x8b5c ( 8b5c ) 
Parsing block ( 8b54,8b58)
8b54 : s_branch 0x8b84 ( 8b84 ) 
Parsing block ( 8b58,8b5c)
8b58 : s_branch 0x8b84 ( 8b84 ) 
Parsing block ( 8b5c,8b68)
8b64 : s_cbranch_execz 0x8b3c ( 8b3c ) 
Parsing block ( 8b68,8b84)
8b80 : s_branch 0x8b3c ( 8b3c ) 
Parsing block ( 8b84,8b94)
8b90 : s_cbranch_execz 0x8c78 ( 8c78 ) 
Parsing block ( 8b94,8c40)
8c3c : s_cbranch_execz 0x8c78 ( 8c78 ) 
Parsing block ( 8c40,8c78)
8c74 : s_cbranch_execnz 0x8c40 ( 8c40 ) 
Parsing block ( 8c78,8c7c)
Parsing block ( 8c7c,8cac)
8ca8 : s_setpc_b64 s[30:31] ( ffffffffffffffff ) 
Parsing function qs_vector<MC_Domain>::operator[] at addreess 0x8cac
Parsing block ( 8cac,8dac)
8da8 : s_setpc_b64 s[30:31] ( ffffffffffffffff ) 
Parsing function qs_vector<MC_Cell_State>::operator[] at addreess 0x8dac
Parsing block ( 8dac,8ea8)
8ea4 : s_setpc_b64 s[30:31] ( ffffffffffffffff ) 
Parsing function __ockl_printf_begin.72 at addreess 0x8ea8
Parsing block ( 8ea8,8f0c)
8f08 : s_cbranch_execz 0x9014 ( 9014 ) 
Parsing block ( 8f0c,8f98)
8f94 : s_cbranch_execz 0x9010 ( 9010 ) 
Parsing block ( 8f98,8f9c)
Parsing block ( 8f9c,900c)
9008 : s_cbranch_execnz 0x8f9c ( 8f9c ) 
Parsing block ( 900c,9010)
Parsing block ( 9010,9014)
Parsing block ( 9014,9060)
905c : s_cbranch_execz 0x9084 ( 9084 ) 
Parsing block ( 9060,9084)
Parsing block ( 9084,90f4)
90f0 : s_cbranch_execz 0x9248 ( 9248 ) 
Parsing block ( 90f4,916c)
9168 : s_cbranch_execz 0x91b0 ( 91b0 ) 
Parsing block ( 916c,9170)
Parsing block ( 9170,91b0)
91ac : s_cbranch_execnz 0x9170 ( 9170 ) 
Parsing block ( 91b0,91e0)
91dc : s_cbranch_execz 0x91fc ( 91fc ) 
Parsing block ( 91e0,91fc)
Parsing block ( 91fc,9218)
9214 : s_cbranch_vccnz 0x9248 ( 9248 ) 
Parsing block ( 9218,9248)
Parsing block ( 9248,9264)
9260 : s_branch 0x9284 ( 9284 ) 
Parsing block ( 9264,9274)
9270 : s_cbranch_scc1 0x9280 ( 9280 ) 
Parsing block ( 9274,927c)
9278 : s_cbranch_execnz 0x9284 ( 9284 ) 
Parsing block ( 927c,9280)
927c : s_branch 0x92ac ( 92ac ) 
Parsing block ( 9280,9284)
9280 : s_branch 0x92ac ( 92ac ) 
Parsing block ( 9284,9290)
928c : s_cbranch_execz 0x9264 ( 9264 ) 
Parsing block ( 9290,92ac)
92a8 : s_branch 0x9264 ( 9264 ) 
Parsing block ( 92ac,92bc)
92b8 : s_cbranch_execz 0x939c ( 939c ) 
Parsing block ( 92bc,9364)
9360 : s_cbranch_execz 0x939c ( 939c ) 
Parsing block ( 9364,939c)
9398 : s_cbranch_execnz 0x9364 ( 9364 ) 
Parsing block ( 939c,93c0)
93bc : s_setpc_b64 s[30:31] ( ffffffffffffffff ) 
Parsing function __ockl_printf_append_string_n.74 at addreess 0x93c0
Parsing block ( 93c0,9434)
9430 : s_cbranch_scc0 0x9f70 ( 9f70 ) 
Parsing block ( 9434,946c)
9468 : s_branch 0x9494 ( 9494 ) 
Parsing block ( 946c,9494)
9490 : s_cbranch_execz 0x9f78 ( 9f78 ) 
Parsing block ( 9494,94b4)
94b0 : s_cbranch_execz 0x9534 ( 9534 ) 
Parsing block ( 94b4,94c8)
94c4 : s_cbranch_execz 0x952c ( 952c ) 
Parsing block ( 94c8,94e0)
Parsing block ( 94e0,9528)
9524 : s_cbranch_execnz 0x94e0 ( 94e0 ) 
Parsing block ( 9528,952c)
Parsing block ( 952c,9534)
Parsing block ( 9534,9548)
9544 : s_cbranch_execz 0x9590 ( 9590 ) 
Parsing block ( 9548,9590)
Parsing block ( 9590,95a4)
95a0 : s_cbranch_execz 0x9620 ( 9620 ) 
Parsing block ( 95a4,95b4)
95b0 : s_cbranch_execz 0x9618 ( 9618 ) 
Parsing block ( 95b4,95c4)
Parsing block ( 95c4,9614)
9610 : s_cbranch_execnz 0x95c4 ( 95c4 ) 
Parsing block ( 9614,9618)
Parsing block ( 9618,9620)
Parsing block ( 9620,9630)
962c : s_cbranch_execz 0x9678 ( 9678 ) 
Parsing block ( 9630,9678)
Parsing block ( 9678,968c)
9688 : s_cbranch_execz 0x9708 ( 9708 ) 
Parsing block ( 968c,969c)
9698 : s_cbranch_execz 0x9700 ( 9700 ) 
Parsing block ( 969c,96ac)
Parsing block ( 96ac,96fc)
96f8 : s_cbranch_execnz 0x96ac ( 96ac ) 
Parsing block ( 96fc,9700)
Parsing block ( 9700,9708)
Parsing block ( 9708,9718)
9714 : s_cbranch_execz 0x9760 ( 9760 ) 
Parsing block ( 9718,9760)
Parsing block ( 9760,9774)
9770 : s_cbranch_execz 0x97f0 ( 97f0 ) 
Parsing block ( 9774,9784)
9780 : s_cbranch_execz 0x97e8 ( 97e8 ) 
Parsing block ( 9784,9794)
Parsing block ( 9794,97e4)
97e0 : s_cbranch_execnz 0x9794 ( 9794 ) 
Parsing block ( 97e4,97e8)
Parsing block ( 97e8,97f0)
Parsing block ( 97f0,9800)
97fc : s_cbranch_execz 0x9848 ( 9848 ) 
Parsing block ( 9800,9848)
Parsing block ( 9848,985c)
9858 : s_cbranch_execz 0x98d8 ( 98d8 ) 
Parsing block ( 985c,986c)
9868 : s_cbranch_execz 0x98d0 ( 98d0 ) 
Parsing block ( 986c,987c)
Parsing block ( 987c,98cc)
98c8 : s_cbranch_execnz 0x987c ( 987c ) 
Parsing block ( 98cc,98d0)
Parsing block ( 98d0,98d8)
Parsing block ( 98d8,98e8)
98e4 : s_cbranch_execz 0x9930 ( 9930 ) 
Parsing block ( 98e8,9930)
Parsing block ( 9930,9944)
9940 : s_cbranch_execz 0x99c0 ( 99c0 ) 
Parsing block ( 9944,9954)
9950 : s_cbranch_execz 0x99b8 ( 99b8 ) 
Parsing block ( 9954,9964)
Parsing block ( 9964,99b4)
99b0 : s_cbranch_execnz 0x9964 ( 9964 ) 
Parsing block ( 99b4,99b8)
Parsing block ( 99b8,99c0)
Parsing block ( 99c0,99d0)
99cc : s_cbranch_execz 0x9a18 ( 9a18 ) 
Parsing block ( 99d0,9a18)
Parsing block ( 9a18,9a2c)
9a28 : s_cbranch_execz 0x9a9c ( 9a9c ) 
Parsing block ( 9a2c,9a3c)
9a38 : s_cbranch_execz 0x9a98 ( 9a98 ) 
Parsing block ( 9a3c,9a48)
Parsing block ( 9a48,9a94)
9a90 : s_cbranch_execnz 0x9a48 ( 9a48 ) 
Parsing block ( 9a94,9a98)
Parsing block ( 9a98,9a9c)
Parsing block ( 9a9c,9aa4)
9aa0 : s_cbranch_execz 0x9ae0 ( 9ae0 ) 
Parsing block ( 9aa4,9ae0)
Parsing block ( 9ae0,9b04)
9b00 : s_cbranch_execz 0x9c08 ( 9c08 ) 
Parsing block ( 9b04,9b8c)
9b88 : s_cbranch_execz 0x9c04 ( 9c04 ) 
Parsing block ( 9b8c,9b90)
Parsing block ( 9b90,9c00)
9bfc : s_cbranch_execnz 0x9b90 ( 9b90 ) 
Parsing block ( 9c00,9c04)
Parsing block ( 9c04,9c08)
Parsing block ( 9c08,9c50)
9c4c : s_cbranch_execz 0x9c6c ( 9c6c ) 
Parsing block ( 9c50,9c6c)
Parsing block ( 9c6c,9cdc)
9cd8 : s_cbranch_execz 0x9e1c ( 9e1c ) 
Parsing block ( 9cdc,9d48)
9d44 : s_cbranch_execz 0x9d8c ( 9d8c ) 
Parsing block ( 9d48,9d4c)
Parsing block ( 9d4c,9d8c)
9d88 : s_cbranch_execnz 0x9d4c ( 9d4c ) 
Parsing block ( 9d8c,9db8)
9db4 : s_cbranch_execz 0x9dd4 ( 9dd4 ) 
Parsing block ( 9db8,9dd4)
Parsing block ( 9dd4,9df0)
9dec : s_cbranch_vccnz 0x9e1c ( 9e1c ) 
Parsing block ( 9df0,9e1c)
Parsing block ( 9e1c,9e38)
9e34 : s_branch 0x9e58 ( 9e58 ) 
Parsing block ( 9e38,9e48)
9e44 : s_cbranch_scc1 0x9e54 ( 9e54 ) 
Parsing block ( 9e48,9e50)
9e4c : s_cbranch_execnz 0x9e58 ( 9e58 ) 
Parsing block ( 9e50,9e54)
9e50 : s_branch 0x9e80 ( 9e80 ) 
Parsing block ( 9e54,9e58)
9e54 : s_branch 0x9e80 ( 9e80 ) 
Parsing block ( 9e58,9e64)
9e60 : s_cbranch_execz 0x9e38 ( 9e38 ) 
Parsing block ( 9e64,9e80)
9e7c : s_branch 0x9e38 ( 9e38 ) 
Parsing block ( 9e80,9e90)
9e8c : s_cbranch_execz 0x946c ( 946c ) 
Parsing block ( 9e90,9f30)
9f2c : s_cbranch_execz 0x946c ( 946c ) 
Parsing block ( 9f30,9f34)
Parsing block ( 9f34,9f6c)
9f68 : s_cbranch_execnz 0x9f34 ( 9f34 ) 
Parsing block ( 9f6c,9f70)
9f6c : s_branch 0x946c ( 946c ) 
Parsing block ( 9f70,9f74)
9f70 : s_cbranch_execnz 0x9f80 ( 9f80 ) 
Parsing block ( 9f74,9f78)
9f74 : s_branch 0xa434 ( a434 ) 
Parsing block ( 9f78,9f80)
9f7c : s_branch 0xa434 ( a434 ) 
Parsing block ( 9f80,9f9c)
9f98 : s_cbranch_execz 0xa0a4 ( a0a4 ) 
Parsing block ( 9f9c,a028)
a024 : s_cbranch_execz 0xa0a0 ( a0a0 ) 
Parsing block ( a028,a02c)
Parsing block ( a02c,a09c)
a098 : s_cbranch_execnz 0xa02c ( a02c ) 
Parsing block ( a09c,a0a0)
Parsing block ( a0a0,a0a4)
Parsing block ( a0a4,a0f0)
a0ec : s_cbranch_execz 0xa114 ( a114 ) 
Parsing block ( a0f0,a114)
Parsing block ( a114,a188)
a184 : s_cbranch_execz 0xa2dc ( a2dc ) 
Parsing block ( a188,a200)
a1fc : s_cbranch_execz 0xa244 ( a244 ) 
Parsing block ( a200,a204)
Parsing block ( a204,a244)
a240 : s_cbranch_execnz 0xa204 ( a204 ) 
Parsing block ( a244,a274)
a270 : s_cbranch_execz 0xa290 ( a290 ) 
Parsing block ( a274,a290)
Parsing block ( a290,a2ac)
a2a8 : s_cbranch_vccnz 0xa2dc ( a2dc ) 
Parsing block ( a2ac,a2dc)
Parsing block ( a2dc,a2f8)
a2f4 : s_branch 0xa318 ( a318 ) 
Parsing block ( a2f8,a308)
a304 : s_cbranch_scc1 0xa314 ( a314 ) 
Parsing block ( a308,a310)
a30c : s_cbranch_execnz 0xa318 ( a318 ) 
Parsing block ( a310,a314)
a310 : s_branch 0xa340 ( a340 ) 
Parsing block ( a314,a318)
a314 : s_branch 0xa340 ( a340 ) 
Parsing block ( a318,a324)
a320 : s_cbranch_execz 0xa2f8 ( a2f8 ) 
Parsing block ( a324,a340)
a33c : s_branch 0xa2f8 ( a2f8 ) 
Parsing block ( a340,a350)
a34c : s_cbranch_execz 0xa430 ( a430 ) 
Parsing block ( a350,a3f8)
a3f4 : s_cbranch_execz 0xa430 ( a430 ) 
Parsing block ( a3f8,a430)
a42c : s_cbranch_execnz 0xa3f8 ( a3f8 ) 
Parsing block ( a430,a434)
Parsing block ( a434,a460)
a45c : s_setpc_b64 s[30:31] ( ffffffffffffffff ) 
Parsing function qs_vector<Material>::operator[] at addreess 0xa460
Parsing block ( a460,a540)
a53c : s_setpc_b64 s[30:31] ( ffffffffffffffff ) 
Parsing function qs_vector<Isotope>::size at addreess 0xa540
Parsing block ( a540,a5d0)
a5cc : s_setpc_b64 s[30:31] ( ffffffffffffffff ) 
Parsing function qs_vector<Isotope>::operator[] at addreess 0xa5d0
Parsing block ( a5d0,a6a8)
a6a4 : s_setpc_b64 s[30:31] ( ffffffffffffffff ) 
Parsing function qs_vector<NuclearDataIsotope>::size at addreess 0xa6a8
Parsing block ( a6a8,a738)
a734 : s_setpc_b64 s[30:31] ( ffffffffffffffff ) 
Parsing function __ockl_printf_begin.84 at addreess 0xa738
Parsing block ( a738,a79c)
a798 : s_cbranch_execz 0xa8a4 ( a8a4 ) 
Parsing block ( a79c,a828)
a824 : s_cbranch_execz 0xa8a0 ( a8a0 ) 
Parsing block ( a828,a82c)
Parsing block ( a82c,a89c)
a898 : s_cbranch_execnz 0xa82c ( a82c ) 
Parsing block ( a89c,a8a0)
Parsing block ( a8a0,a8a4)
Parsing block ( a8a4,a8f0)
a8ec : s_cbranch_execz 0xa914 ( a914 ) 
Parsing block ( a8f0,a914)
Parsing block ( a914,a984)
a980 : s_cbranch_execz 0xaad8 ( aad8 ) 
Parsing block ( a984,a9fc)
a9f8 : s_cbranch_execz 0xaa40 ( aa40 ) 
Parsing block ( a9fc,aa00)
Parsing block ( aa00,aa40)
aa3c : s_cbranch_execnz 0xaa00 ( aa00 ) 
Parsing block ( aa40,aa70)
aa6c : s_cbranch_execz 0xaa8c ( aa8c ) 
Parsing block ( aa70,aa8c)
Parsing block ( aa8c,aaa8)
aaa4 : s_cbranch_vccnz 0xaad8 ( aad8 ) 
Parsing block ( aaa8,aad8)
Parsing block ( aad8,aaf4)
aaf0 : s_branch 0xab14 ( ab14 ) 
Parsing block ( aaf4,ab04)
ab00 : s_cbranch_scc1 0xab10 ( ab10 ) 
Parsing block ( ab04,ab0c)
ab08 : s_cbranch_execnz 0xab14 ( ab14 ) 
Parsing block ( ab0c,ab10)
ab0c : s_branch 0xab3c ( ab3c ) 
Parsing block ( ab10,ab14)
ab10 : s_branch 0xab3c ( ab3c ) 
Parsing block ( ab14,ab20)
ab1c : s_cbranch_execz 0xaaf4 ( aaf4 ) 
Parsing block ( ab20,ab3c)
ab38 : s_branch 0xaaf4 ( aaf4 ) 
Parsing block ( ab3c,ab4c)
ab48 : s_cbranch_execz 0xac2c ( ac2c ) 
Parsing block ( ab4c,abf4)
abf0 : s_cbranch_execz 0xac2c ( ac2c ) 
Parsing block ( abf4,ac2c)
ac28 : s_cbranch_execnz 0xabf4 ( abf4 ) 
Parsing block ( ac2c,ac50)
ac4c : s_setpc_b64 s[30:31] ( ffffffffffffffff ) 
Parsing function __ockl_printf_append_string_n.86 at addreess 0xac50
Parsing block ( ac50,acb8)
acb4 : s_cbranch_execz 0xba30 ( ba30 ) 
Parsing block ( acb8,acd4)
acd0 : s_branch 0xacfc ( acfc ) 
Parsing block ( acd4,acfc)
acf8 : s_cbranch_execz 0xba2c ( ba2c ) 
Parsing block ( acfc,ad1c)
ad18 : s_cbranch_execz 0xad9c ( ad9c ) 
Parsing block ( ad1c,ad30)
ad2c : s_cbranch_execz 0xad94 ( ad94 ) 
Parsing block ( ad30,ad48)
Parsing block ( ad48,ad90)
ad8c : s_cbranch_execnz 0xad48 ( ad48 ) 
Parsing block ( ad90,ad94)
Parsing block ( ad94,ad9c)
Parsing block ( ad9c,adb0)
adac : s_cbranch_execz 0xae50 ( ae50 ) 
Parsing block ( adb0,ae50)
Parsing block ( ae50,ae64)
ae60 : s_cbranch_execz 0xaee0 ( aee0 ) 
Parsing block ( ae64,ae74)
ae70 : s_cbranch_execz 0xaed8 ( aed8 ) 
Parsing block ( ae74,ae84)
Parsing block ( ae84,aed4)
aed0 : s_cbranch_execnz 0xae84 ( ae84 ) 
Parsing block ( aed4,aed8)
Parsing block ( aed8,aee0)
Parsing block ( aee0,aef0)
aeec : s_cbranch_execz 0xaf8c ( af8c ) 
Parsing block ( aef0,af8c)
Parsing block ( af8c,afa0)
af9c : s_cbranch_execz 0xb01c ( b01c ) 
Parsing block ( afa0,afb0)
afac : s_cbranch_execz 0xb014 ( b014 ) 
Parsing block ( afb0,afc0)
Parsing block ( afc0,b010)
b00c : s_cbranch_execnz 0xafc0 ( afc0 ) 
Parsing block ( b010,b014)
Parsing block ( b014,b01c)
Parsing block ( b01c,b02c)
b028 : s_cbranch_execz 0xb0c8 ( b0c8 ) 
Parsing block ( b02c,b0c8)
Parsing block ( b0c8,b0dc)
b0d8 : s_cbranch_execz 0xb158 ( b158 ) 
Parsing block ( b0dc,b0ec)
b0e8 : s_cbranch_execz 0xb150 ( b150 ) 
Parsing block ( b0ec,b0fc)
Parsing block ( b0fc,b14c)
b148 : s_cbranch_execnz 0xb0fc ( b0fc ) 
Parsing block ( b14c,b150)
Parsing block ( b150,b158)
Parsing block ( b158,b168)
b164 : s_cbranch_execz 0xb204 ( b204 ) 
Parsing block ( b168,b204)
Parsing block ( b204,b218)
b214 : s_cbranch_execz 0xb294 ( b294 ) 
Parsing block ( b218,b228)
b224 : s_cbranch_execz 0xb28c ( b28c ) 
Parsing block ( b228,b238)
Parsing block ( b238,b288)
b284 : s_cbranch_execnz 0xb238 ( b238 ) 
Parsing block ( b288,b28c)
Parsing block ( b28c,b294)
Parsing block ( b294,b2a4)
b2a0 : s_cbranch_execz 0xb340 ( b340 ) 
Parsing block ( b2a4,b340)
Parsing block ( b340,b354)
b350 : s_cbranch_execz 0xb3d0 ( b3d0 ) 
Parsing block ( b354,b364)
b360 : s_cbranch_execz 0xb3c8 ( b3c8 ) 
Parsing block ( b364,b374)
Parsing block ( b374,b3c4)
b3c0 : s_cbranch_execnz 0xb374 ( b374 ) 
Parsing block ( b3c4,b3c8)
Parsing block ( b3c8,b3d0)
Parsing block ( b3d0,b3e0)
b3dc : s_cbranch_execz 0xb47c ( b47c ) 
Parsing block ( b3e0,b47c)
Parsing block ( b47c,b490)
b48c : s_cbranch_execz 0xb500 ( b500 ) 
Parsing block ( b490,b4a0)
b49c : s_cbranch_execz 0xb4fc ( b4fc ) 
Parsing block ( b4a0,b4ac)
Parsing block ( b4ac,b4f8)
b4f4 : s_cbranch_execnz 0xb4ac ( b4ac ) 
Parsing block ( b4f8,b4fc)
Parsing block ( b4fc,b500)
Parsing block ( b500,b508)
b504 : s_cbranch_execz 0xb59c ( b59c ) 
Parsing block ( b508,b59c)
Parsing block ( b59c,b5c0)
b5bc : s_cbranch_execz 0xb6c4 ( b6c4 ) 
Parsing block ( b5c0,b648)
b644 : s_cbranch_execz 0xb6c0 ( b6c0 ) 
Parsing block ( b648,b64c)
Parsing block ( b64c,b6bc)
b6b8 : s_cbranch_execnz 0xb64c ( b64c ) 
Parsing block ( b6bc,b6c0)
Parsing block ( b6c0,b6c4)
Parsing block ( b6c4,b70c)
b708 : s_cbranch_execz 0xb728 ( b728 ) 
Parsing block ( b70c,b728)
Parsing block ( b728,b798)
b794 : s_cbranch_execz 0xb8d8 ( b8d8 ) 
Parsing block ( b798,b804)
b800 : s_cbranch_execz 0xb848 ( b848 ) 
Parsing block ( b804,b808)
Parsing block ( b808,b848)
b844 : s_cbranch_execnz 0xb808 ( b808 ) 
Parsing block ( b848,b874)
b870 : s_cbranch_execz 0xb890 ( b890 ) 
Parsing block ( b874,b890)
Parsing block ( b890,b8ac)
b8a8 : s_cbranch_vccnz 0xb8d8 ( b8d8 ) 
Parsing block ( b8ac,b8d8)
Parsing block ( b8d8,b8f4)
b8f0 : s_branch 0xb914 ( b914 ) 
Parsing block ( b8f4,b904)
b900 : s_cbranch_scc1 0xb910 ( b910 ) 
Parsing block ( b904,b90c)
b908 : s_cbranch_execnz 0xb914 ( b914 ) 
Parsing block ( b90c,b910)
b90c : s_branch 0xb93c ( b93c ) 
Parsing block ( b910,b914)
b910 : s_branch 0xb93c ( b93c ) 
Parsing block ( b914,b920)
b91c : s_cbranch_execz 0xb8f4 ( b8f4 ) 
Parsing block ( b920,b93c)
b938 : s_branch 0xb8f4 ( b8f4 ) 
Parsing block ( b93c,b94c)
b948 : s_cbranch_execz 0xacd4 ( acd4 ) 
Parsing block ( b94c,b9ec)
b9e8 : s_cbranch_execz 0xacd4 ( acd4 ) 
Parsing block ( b9ec,b9f0)
Parsing block ( b9f0,ba28)
ba24 : s_cbranch_execnz 0xb9f0 ( b9f0 ) 
Parsing block ( ba28,ba2c)
ba28 : s_branch 0xacd4 ( acd4 ) 
Parsing block ( ba2c,ba30)
Parsing block ( ba30,ba38)
ba34 : s_cbranch_execz 0xbef4 ( bef4 ) 
Parsing block ( ba38,ba58)
ba54 : s_cbranch_execz 0xbb60 ( bb60 ) 
Parsing block ( ba58,bae4)
bae0 : s_cbranch_execz 0xbb5c ( bb5c ) 
Parsing block ( bae4,bae8)
Parsing block ( bae8,bb58)
bb54 : s_cbranch_execnz 0xbae8 ( bae8 ) 
Parsing block ( bb58,bb5c)
Parsing block ( bb5c,bb60)
Parsing block ( bb60,bbac)
bba8 : s_cbranch_execz 0xbbd0 ( bbd0 ) 
Parsing block ( bbac,bbd0)
Parsing block ( bbd0,bc44)
bc40 : s_cbranch_execz 0xbd98 ( bd98 ) 
Parsing block ( bc44,bcbc)
bcb8 : s_cbranch_execz 0xbd00 ( bd00 ) 
Parsing block ( bcbc,bcc0)
Parsing block ( bcc0,bd00)
bcfc : s_cbranch_execnz 0xbcc0 ( bcc0 ) 
Parsing block ( bd00,bd30)
bd2c : s_cbranch_execz 0xbd4c ( bd4c ) 
Parsing block ( bd30,bd4c)
Parsing block ( bd4c,bd68)
bd64 : s_cbranch_vccnz 0xbd98 ( bd98 ) 
Parsing block ( bd68,bd98)
Parsing block ( bd98,bdb4)
bdb0 : s_branch 0xbdd4 ( bdd4 ) 
Parsing block ( bdb4,bdc4)
bdc0 : s_cbranch_scc1 0xbdd0 ( bdd0 ) 
Parsing block ( bdc4,bdcc)
bdc8 : s_cbranch_execnz 0xbdd4 ( bdd4 ) 
Parsing block ( bdcc,bdd0)
bdcc : s_branch 0xbdfc ( bdfc ) 
Parsing block ( bdd0,bdd4)
bdd0 : s_branch 0xbdfc ( bdfc ) 
Parsing block ( bdd4,bde0)
bddc : s_cbranch_execz 0xbdb4 ( bdb4 ) 
Parsing block ( bde0,bdfc)
bdf8 : s_branch 0xbdb4 ( bdb4 ) 
Parsing block ( bdfc,be0c)
be08 : s_cbranch_execz 0xbef0 ( bef0 ) 
Parsing block ( be0c,beb8)
beb4 : s_cbranch_execz 0xbef0 ( bef0 ) 
Parsing block ( beb8,bef0)
beec : s_cbranch_execnz 0xbeb8 ( beb8 ) 
Parsing block ( bef0,bef4)
Parsing block ( bef4,bf24)
bf20 : s_setpc_b64 s[30:31] ( ffffffffffffffff ) 
Parsing function qs_vector<NuclearDataIsotope>::operator[] at addreess 0xbf24
Parsing block ( bf24,c020)
c01c : s_setpc_b64 s[30:31] ( ffffffffffffffff ) 
Parsing function qs_vector<NuclearDataSpecies>::operator[] at addreess 0xc020
Parsing block ( c020,c120)
c11c : s_setpc_b64 s[30:31] ( ffffffffffffffff ) 
Parsing function qs_vector<NuclearDataReaction>::size at addreess 0xc120
Parsing block ( c120,c1b0)
c1ac : s_setpc_b64 s[30:31] ( ffffffffffffffff ) 
Parsing function qs_vector<NuclearDataReaction>::operator[] at addreess 0xc1b0
Parsing block ( c1b0,c2ac)
c2a8 : s_setpc_b64 s[30:31] ( ffffffffffffffff ) 
Parsing function NuclearDataReaction::getCrossSection at addreess 0xc2ac
Parsing block ( c2ac,c3c4)
c3c0 : s_swappc_b64 s[30:31], s[0:1] ( ffffffffffffffff ) 
Parsing function NuclearData::getTotalCrossSection at addreess 0xc5d8
Parsing block ( c5d8,c710)
c70c : s_swappc_b64 s[30:31], s[0:1] ( ffffffffffffffff ) 
Parsing function NuclearData::getReactionCrossSection at addreess 0xcbec
Parsing block ( cbec,cd3c)
cd38 : s_swappc_b64 s[30:31], s[0:1] ( ffffffffffffffff ) 
Parsing function macroscopicCrossSection at addreess 0xd258
Parsing block ( d258,d410)
d40c : s_swappc_b64 s[30:31], s[26:27] ( ffffffffffffffff ) 
Parsing function atomicExch at addreess 0xd9d0
Parsing block ( d9d0,dac8)
dac4 : s_setpc_b64 s[30:31] ( ffffffffffffffff ) 
Parsing function QS::atomicWrite<double> at addreess 0xdac8
Parsing block ( dac8,db90)
db8c : s_swappc_b64 s[30:31], s[0:1] ( ffffffffffffffff ) 
Parsing function weightedMacroscopicCrossSection at addreess 0xdbc4
Parsing block ( dbc4,dd38)
dd34 : s_swappc_b64 s[30:31], s[0:1] ( ffffffffffffffff ) 
Parsing function rngSample at addreess 0xe5f8
Parsing block ( e5f8,e754)
e750 : s_setpc_b64 s[30:31] ( ffffffffffffffff ) 
Parsing function __ocml_log_f64.60 at addreess 0xe754
Parsing block ( e754,eaa0)
ea9c : s_setpc_b64 s[30:31] ( ffffffffffffffff ) 
Parsing function MC_Particle::Get_Direction_Cosine at addreess 0xeaa0
Parsing block ( eaa0,eb40)
eb3c : s_setpc_b64 s[30:31] ( ffffffffffffffff ) 
Parsing function MC_Location::MC_Location at addreess 0xeb40
Parsing block ( eb40,ec50)
ec4c : s_setpc_b64 s[30:31] ( ffffffffffffffff ) 
Parsing function MC_Particle::Get_Location at addreess 0xec50
Parsing block ( ec50,ed0c)
ed08 : s_swappc_b64 s[30:31], s[2:3] ( ffffffffffffffff ) 
Parsing function MC_Nearest_Facet::MC_Nearest_Facet at addreess 0xed64
Parsing block ( ed64,ee1c)
ee18 : s_setpc_b64 s[30:31] ( ffffffffffffffff ) 
Parsing function __ockl_printf_begin.17 at addreess 0xee1c
Parsing block ( ee1c,ee80)
ee7c : s_cbranch_execz 0xef88 ( ef88 ) 
Parsing block ( ee80,ef0c)
ef08 : s_cbranch_execz 0xef84 ( ef84 ) 
Parsing block ( ef0c,ef10)
Parsing block ( ef10,ef80)
ef7c : s_cbranch_execnz 0xef10 ( ef10 ) 
Parsing block ( ef80,ef84)
Parsing block ( ef84,ef88)
Parsing block ( ef88,efd4)
efd0 : s_cbranch_execz 0xeff8 ( eff8 ) 
Parsing block ( efd4,eff8)
Parsing block ( eff8,f068)
f064 : s_cbranch_execz 0xf1bc ( f1bc ) 
Parsing block ( f068,f0e0)
f0dc : s_cbranch_execz 0xf124 ( f124 ) 
Parsing block ( f0e0,f0e4)
Parsing block ( f0e4,f124)
f120 : s_cbranch_execnz 0xf0e4 ( f0e4 ) 
Parsing block ( f124,f154)
f150 : s_cbranch_execz 0xf170 ( f170 ) 
Parsing block ( f154,f170)
Parsing block ( f170,f18c)
f188 : s_cbranch_vccnz 0xf1bc ( f1bc ) 
Parsing block ( f18c,f1bc)
Parsing block ( f1bc,f1d8)
f1d4 : s_branch 0xf1f8 ( f1f8 ) 
Parsing block ( f1d8,f1e8)
f1e4 : s_cbranch_scc1 0xf1f4 ( f1f4 ) 
Parsing block ( f1e8,f1f0)
f1ec : s_cbranch_execnz 0xf1f8 ( f1f8 ) 
Parsing block ( f1f0,f1f4)
f1f0 : s_branch 0xf220 ( f220 ) 
Parsing block ( f1f4,f1f8)
f1f4 : s_branch 0xf220 ( f220 ) 
Parsing block ( f1f8,f204)
f200 : s_cbranch_execz 0xf1d8 ( f1d8 ) 
Parsing block ( f204,f220)
f21c : s_branch 0xf1d8 ( f1d8 ) 
Parsing block ( f220,f230)
f22c : s_cbranch_execz 0xf310 ( f310 ) 
Parsing block ( f230,f2d8)
f2d4 : s_cbranch_execz 0xf310 ( f310 ) 
Parsing block ( f2d8,f310)
f30c : s_cbranch_execnz 0xf2d8 ( f2d8 ) 
Parsing block ( f310,f334)
f330 : s_setpc_b64 s[30:31] ( ffffffffffffffff ) 
Parsing function __ockl_printf_append_string_n.19 at addreess 0xf334
Parsing block ( f334,f3a8)
f3a4 : s_cbranch_scc0 0xfee4 ( fee4 ) 
Parsing block ( f3a8,f3e0)
f3dc : s_branch 0xf408 ( f408 ) 
Parsing block ( f3e0,f408)
f404 : s_cbranch_execz 0xfeec ( feec ) 
Parsing block ( f408,f428)
f424 : s_cbranch_execz 0xf4a8 ( f4a8 ) 
Parsing block ( f428,f43c)
f438 : s_cbranch_execz 0xf4a0 ( f4a0 ) 
Parsing block ( f43c,f454)
Parsing block ( f454,f49c)
f498 : s_cbranch_execnz 0xf454 ( f454 ) 
Parsing block ( f49c,f4a0)
Parsing block ( f4a0,f4a8)
Parsing block ( f4a8,f4bc)
f4b8 : s_cbranch_execz 0xf504 ( f504 ) 
Parsing block ( f4bc,f504)
Parsing block ( f504,f518)
f514 : s_cbranch_execz 0xf594 ( f594 ) 
Parsing block ( f518,f528)
f524 : s_cbranch_execz 0xf58c ( f58c ) 
Parsing block ( f528,f538)
Parsing block ( f538,f588)
f584 : s_cbranch_execnz 0xf538 ( f538 ) 
Parsing block ( f588,f58c)
Parsing block ( f58c,f594)
Parsing block ( f594,f5a4)
f5a0 : s_cbranch_execz 0xf5ec ( f5ec ) 
Parsing block ( f5a4,f5ec)
Parsing block ( f5ec,f600)
f5fc : s_cbranch_execz 0xf67c ( f67c ) 
Parsing block ( f600,f610)
f60c : s_cbranch_execz 0xf674 ( f674 ) 
Parsing block ( f610,f620)
Parsing block ( f620,f670)
f66c : s_cbranch_execnz 0xf620 ( f620 ) 
Parsing block ( f670,f674)
Parsing block ( f674,f67c)
Parsing block ( f67c,f68c)
f688 : s_cbranch_execz 0xf6d4 ( f6d4 ) 
Parsing block ( f68c,f6d4)
Parsing block ( f6d4,f6e8)
f6e4 : s_cbranch_execz 0xf764 ( f764 ) 
Parsing block ( f6e8,f6f8)
f6f4 : s_cbranch_execz 0xf75c ( f75c ) 
Parsing block ( f6f8,f708)
Parsing block ( f708,f758)
f754 : s_cbranch_execnz 0xf708 ( f708 ) 
Parsing block ( f758,f75c)
Parsing block ( f75c,f764)
Parsing block ( f764,f774)
f770 : s_cbranch_execz 0xf7bc ( f7bc ) 
Parsing block ( f774,f7bc)
Parsing block ( f7bc,f7d0)
f7cc : s_cbranch_execz 0xf84c ( f84c ) 
Parsing block ( f7d0,f7e0)
f7dc : s_cbranch_execz 0xf844 ( f844 ) 
Parsing block ( f7e0,f7f0)
Parsing block ( f7f0,f840)
f83c : s_cbranch_execnz 0xf7f0 ( f7f0 ) 
Parsing block ( f840,f844)
Parsing block ( f844,f84c)
Parsing block ( f84c,f85c)
f858 : s_cbranch_execz 0xf8a4 ( f8a4 ) 
Parsing block ( f85c,f8a4)
Parsing block ( f8a4,f8b8)
f8b4 : s_cbranch_execz 0xf934 ( f934 ) 
Parsing block ( f8b8,f8c8)
f8c4 : s_cbranch_execz 0xf92c ( f92c ) 
Parsing block ( f8c8,f8d8)
Parsing block ( f8d8,f928)
f924 : s_cbranch_execnz 0xf8d8 ( f8d8 ) 
Parsing block ( f928,f92c)
Parsing block ( f92c,f934)
Parsing block ( f934,f944)
f940 : s_cbranch_execz 0xf98c ( f98c ) 
Parsing block ( f944,f98c)
Parsing block ( f98c,f9a0)
f99c : s_cbranch_execz 0xfa10 ( fa10 ) 
Parsing block ( f9a0,f9b0)
f9ac : s_cbranch_execz 0xfa0c ( fa0c ) 
Parsing block ( f9b0,f9bc)
Parsing block ( f9bc,fa08)
fa04 : s_cbranch_execnz 0xf9bc ( f9bc ) 
Parsing block ( fa08,fa0c)
Parsing block ( fa0c,fa10)
Parsing block ( fa10,fa18)
fa14 : s_cbranch_execz 0xfa54 ( fa54 ) 
Parsing block ( fa18,fa54)
Parsing block ( fa54,fa78)
fa74 : s_cbranch_execz 0xfb7c ( fb7c ) 
Parsing block ( fa78,fb00)
fafc : s_cbranch_execz 0xfb78 ( fb78 ) 
Parsing block ( fb00,fb04)
Parsing block ( fb04,fb74)
fb70 : s_cbranch_execnz 0xfb04 ( fb04 ) 
Parsing block ( fb74,fb78)
Parsing block ( fb78,fb7c)
Parsing block ( fb7c,fbc4)
fbc0 : s_cbranch_execz 0xfbe0 ( fbe0 ) 
Parsing block ( fbc4,fbe0)
Parsing block ( fbe0,fc50)
fc4c : s_cbranch_execz 0xfd90 ( fd90 ) 
Parsing block ( fc50,fcbc)
fcb8 : s_cbranch_execz 0xfd00 ( fd00 ) 
Parsing block ( fcbc,fcc0)
Parsing block ( fcc0,fd00)
fcfc : s_cbranch_execnz 0xfcc0 ( fcc0 ) 
Parsing block ( fd00,fd2c)
fd28 : s_cbranch_execz 0xfd48 ( fd48 ) 
Parsing block ( fd2c,fd48)
Parsing block ( fd48,fd64)
fd60 : s_cbranch_vccnz 0xfd90 ( fd90 ) 
Parsing block ( fd64,fd90)
Parsing block ( fd90,fdac)
fda8 : s_branch 0xfdcc ( fdcc ) 
Parsing block ( fdac,fdbc)
fdb8 : s_cbranch_scc1 0xfdc8 ( fdc8 ) 
Parsing block ( fdbc,fdc4)
fdc0 : s_cbranch_execnz 0xfdcc ( fdcc ) 
Parsing block ( fdc4,fdc8)
fdc4 : s_branch 0xfdf4 ( fdf4 ) 
Parsing block ( fdc8,fdcc)
fdc8 : s_branch 0xfdf4 ( fdf4 ) 
Parsing block ( fdcc,fdd8)
fdd4 : s_cbranch_execz 0xfdac ( fdac ) 
Parsing block ( fdd8,fdf4)
fdf0 : s_branch 0xfdac ( fdac ) 
Parsing block ( fdf4,fe04)
fe00 : s_cbranch_execz 0xf3e0 ( f3e0 ) 
Parsing block ( fe04,fea4)
fea0 : s_cbranch_execz 0xf3e0 ( f3e0 ) 
Parsing block ( fea4,fea8)
Parsing block ( fea8,fee0)
fedc : s_cbranch_execnz 0xfea8 ( fea8 ) 
Parsing block ( fee0,fee4)
fee0 : s_branch 0xf3e0 ( f3e0 ) 
Parsing block ( fee4,fee8)
fee4 : s_cbranch_execnz 0xfef4 ( fef4 ) 
Parsing block ( fee8,feec)
fee8 : s_branch 0x103a8 ( 103a8 ) 
Parsing block ( feec,fef4)
fef0 : s_branch 0x103a8 ( 103a8 ) 
Parsing block ( fef4,ff10)
ff0c : s_cbranch_execz 0x10018 ( 10018 ) 
Parsing block ( ff10,ff9c)
ff98 : s_cbranch_execz 0x10014 ( 10014 ) 
Parsing block ( ff9c,ffa0)
Parsing block ( ffa0,10010)
1000c : s_cbranch_execnz 0xffa0 ( ffa0 ) 
Parsing block ( 10010,10014)
Parsing block ( 10014,10018)
Parsing block ( 10018,10064)
10060 : s_cbranch_execz 0x10088 ( 10088 ) 
Parsing block ( 10064,10088)
Parsing block ( 10088,100fc)
100f8 : s_cbranch_execz 0x10250 ( 10250 ) 
Parsing block ( 100fc,10174)
10170 : s_cbranch_execz 0x101b8 ( 101b8 ) 
Parsing block ( 10174,10178)
Parsing block ( 10178,101b8)
101b4 : s_cbranch_execnz 0x10178 ( 10178 ) 
Parsing block ( 101b8,101e8)
101e4 : s_cbranch_execz 0x10204 ( 10204 ) 
Parsing block ( 101e8,10204)
Parsing block ( 10204,10220)
1021c : s_cbranch_vccnz 0x10250 ( 10250 ) 
Parsing block ( 10220,10250)
Parsing block ( 10250,1026c)
10268 : s_branch 0x1028c ( 1028c ) 
Parsing block ( 1026c,1027c)
10278 : s_cbranch_scc1 0x10288 ( 10288 ) 
Parsing block ( 1027c,10284)
10280 : s_cbranch_execnz 0x1028c ( 1028c ) 
Parsing block ( 10284,10288)
10284 : s_branch 0x102b4 ( 102b4 ) 
Parsing block ( 10288,1028c)
10288 : s_branch 0x102b4 ( 102b4 ) 
Parsing block ( 1028c,10298)
10294 : s_cbranch_execz 0x1026c ( 1026c ) 
Parsing block ( 10298,102b4)
102b0 : s_branch 0x1026c ( 1026c ) 
Parsing block ( 102b4,102c4)
102c0 : s_cbranch_execz 0x103a4 ( 103a4 ) 
Parsing block ( 102c4,1036c)
10368 : s_cbranch_execz 0x103a4 ( 103a4 ) 
Parsing block ( 1036c,103a4)
103a0 : s_cbranch_execnz 0x1036c ( 1036c ) 
Parsing block ( 103a4,103a8)
Parsing block ( 103a8,103d4)
103d0 : s_setpc_b64 s[30:31] ( ffffffffffffffff ) 
Parsing function qs_vector<MC_Facet_Adjacency_Cell>::operator[] at addreess 0x103d4
Parsing block ( 103d4,104b4)
104b0 : s_setpc_b64 s[30:31] ( ffffffffffffffff ) 
Parsing function MC_Distance_To_Facet::MC_Distance_To_Facet at addreess 0x104b4
Parsing block ( 104b4,10554)
10550 : s_setpc_b64 s[30:31] ( ffffffffffffffff ) 
Parsing function qs_vector<MC_Facet_Geometry_Cell>::operator[] at addreess 0x10554
Parsing block ( 10554,1062c)
10628 : s_setpc_b64 s[30:31] ( ffffffffffffffff ) 
Parsing function qs_vector<MC_Vector>::operator[] at addreess 0x1062c
Parsing block ( 1062c,10728)
10724 : s_setpc_b64 s[30:31] ( ffffffffffffffff ) 
Parsing function (anonymous namespace)::MCT_Nearest_Facet_3D_G_Distance_To_Segment at addreess 0x10728
Parsing block ( 10728,109e8)
109e4 : s_cbranch_execz 0x10a20 ( 10a20 ) 
Parsing block ( 109e8,10a1c)
10a18 : s_cbranch_execz 0x10a80 ( 10a80 ) 
Parsing block ( 10a1c,10a20)
10a1c : s_branch 0x10a38 ( 10a38 ) 
Parsing block ( 10a20,10a34)
10a30 : s_cbranch_execz 0x12e5c ( 12e5c ) 
Parsing block ( 10a34,10a38)
10a34 : s_branch 0x10ad4 ( 10ad4 ) 
Parsing block ( 10a38,10a7c)
10a78 : s_cbranch_execz 0x10ac0 ( 10ac0 ) 
Parsing block ( 10a7c,10a80)
10a7c : s_branch 0x10a94 ( 10a94 ) 
Parsing block ( 10a80,10a94)
10a90 : s_branch 0x10a20 ( 10a20 ) 
Parsing block ( 10a94,10ac0)
Parsing block ( 10ac0,10ad4)
10ad0 : s_branch 0x10a80 ( 10a80 ) 
Parsing block ( 10ad4,10be4)
10be0 : s_swappc_b64 s[30:31], s[2:3] ( ffffffffffffffff ) 
Parsing block ( 12e5c,12ebc)
12eb8 : s_setpc_b64 s[30:31] ( ffffffffffffffff ) 
Parsing function (anonymous namespace)::MCT_Nearest_Facet_Find_Nearest at addreess 0x12ebc
Parsing block ( 12ebc,12f94)
12f90 : s_swappc_b64 s[30:31], s[28:29] ( ffffffffffffffff ) 
Parsing function qs_vector<MC_Facet_Adjacency_Cell>::operator[] at addreess 0x133b4
Parsing block ( 133b4,13494)
13490 : s_setpc_b64 s[30:31] ( ffffffffffffffff ) 
Parsing function qs_vector<MC_Vector>::operator[] at addreess 0x13494
Parsing block ( 13494,13590)
1358c : s_setpc_b64 s[30:31] ( ffffffffffffffff ) 
Parsing function MCT_Cell_Position_3D_G at addreess 0x13590
Parsing block ( 13590,13678)
13674 : s_swappc_b64 s[30:31], s[2:3] ( ffffffffffffffff ) 
Parsing function (anonymous namespace)::MCT_Nearest_Facet_3D_G_Move_Particle at addreess 0x13b40
Parsing block ( 13b40,13c48)
13c44 : s_swappc_b64 s[30:31], s[0:1] ( ffffffffffffffff ) 
Parsing function (anonymous namespace)::MCT_Nearest_Facet_Find_Nearest at addreess 0x13d8c
Parsing block ( 13d8c,13f58)
13f54 : s_swappc_b64 s[30:31], s[0:1] ( ffffffffffffffff ) 
Parsing function (anonymous namespace)::MCT_Nearest_Facet_3D_G at addreess 0x1451c
Parsing block ( 1451c,1485c)
14858 : s_swappc_b64 s[30:31], s[0:1] ( ffffffffffffffff ) 
Parsing function MCT_Nearest_Facet at addreess 0x1530c
Parsing block ( 1530c,154b8)
154b4 : s_cbranch_execz 0x154ec ( 154ec ) 
Parsing block ( 154b8,154ec)
Parsing block ( 154ec,15500)
154fc : s_branch 0x15508 ( 15508 ) 
Parsing block ( 15508,15524)
15520 : s_swappc_b64 s[30:31], s[0:1] ( ffffffffffffffff ) 
Parsing function MC_Nearest_Facet::operator= at addreess 0x15a2c
Parsing block ( 15a2c,15b34)
15b30 : s_setpc_b64 s[30:31] ( ffffffffffffffff ) 
Parsing function MC_Find_Min at addreess 0x15b34
Parsing block ( 15b34,15c10)
Parsing block ( 15c10,15c4c)
15c48 : s_cbranch_execz 0x15d14 ( 15d14 ) 
Parsing block ( 15c4c,15cac)
15ca8 : s_cbranch_execz 0x15d2c ( 15d2c ) 
Parsing block ( 15cac,15d14)
15d10 : s_branch 0x15d2c ( 15d2c ) 
Parsing block ( 15d14,15d28)
15d24 : s_cbranch_execnz 0x15c10 ( 15c10 ) 
Parsing block ( 15d28,15d2c)
15d28 : s_branch 0x15d64 ( 15d64 ) 
Parsing block ( 15d2c,15d64)
15d60 : s_branch 0x15d14 ( 15d14 ) 
Parsing block ( 15d64,15d98)
15d94 : s_setpc_b64 s[30:31] ( ffffffffffffffff ) 
Parsing function MC_Particle::Move_Particle at addreess 0x15d98
Parsing block ( 15d98,15f14)
15f10 : s_setpc_b64 s[30:31] ( ffffffffffffffff ) 
Parsing function qs_vector<ScalarFluxDomain>::operator[] at addreess 0x15f14
Parsing block ( 15f14,16010)
1600c : s_setpc_b64 s[30:31] ( ffffffffffffffff ) 
Parsing function qs_vector<ScalarFluxTask>::operator[] at addreess 0x16010
Parsing block ( 16010,1610c)
16108 : s_setpc_b64 s[30:31] ( ffffffffffffffff ) 
Parsing function qs_vector<ScalarFluxCell>::operator[] at addreess 0x1610c
Parsing block ( 1610c,161e4)
161e0 : s_setpc_b64 s[30:31] ( ffffffffffffffff ) 
Parsing function atomicAdd at addreess 0x161e4
Parsing block ( 161e4,162dc)
162d8 : s_setpc_b64 s[30:31] ( ffffffffffffffff ) 
Parsing function QS::atomicAdd<double> at addreess 0x162dc
Parsing block ( 162dc,163a4)
163a0 : s_swappc_b64 s[30:31], s[0:1] ( ffffffffffffffff ) 
Parsing function Tallies::TallyScalarFlux at addreess 0x163d8
Parsing block ( 163d8,16514)
16510 : s_swappc_b64 s[30:31], s[0:1] ( ffffffffffffffff ) 
Parsing function MC_Segment_Outcome at addreess 0x16614
Parsing block ( 16614,16800)
167fc : s_swappc_b64 s[30:31], s[0:1] ( ffffffffffffffff ) 
Parsing function qs_vector<Balance>::operator[] at addreess 0x18208
Parsing block ( 18208,18308)
18304 : s_setpc_b64 s[30:31] ( ffffffffffffffff ) 
Parsing function atomicAdd at addreess 0x18308
Parsing block ( 18308,1841c)
18418 : s_setpc_b64 s[30:31] ( ffffffffffffffff ) 
Parsing function QS::atomicIncrement<unsigned long>.9 at addreess 0x1841c
Parsing block ( 1841c,184bc)
184b8 : s_swappc_b64 s[30:31], s[0:1] ( ffffffffffffffff ) 
Parsing function NuclearData::getNumberReactions at addreess 0x184ec
Parsing block ( 184ec,1860c)
18608 : s_swappc_b64 s[30:31], s[0:1] ( ffffffffffffffff ) 
Parsing function __ockl_printf_begin at addreess 0x18888
Parsing block ( 18888,188ec)
188e8 : s_cbranch_execz 0x189f4 ( 189f4 ) 
Parsing block ( 188ec,18978)
18974 : s_cbranch_execz 0x189f0 ( 189f0 ) 
Parsing block ( 18978,1897c)
Parsing block ( 1897c,189ec)
189e8 : s_cbranch_execnz 0x1897c ( 1897c ) 
Parsing block ( 189ec,189f0)
Parsing block ( 189f0,189f4)
Parsing block ( 189f4,18a40)
18a3c : s_cbranch_execz 0x18a64 ( 18a64 ) 
Parsing block ( 18a40,18a64)
Parsing block ( 18a64,18ad4)
18ad0 : s_cbranch_execz 0x18c28 ( 18c28 ) 
Parsing block ( 18ad4,18b4c)
18b48 : s_cbranch_execz 0x18b90 ( 18b90 ) 
Parsing block ( 18b4c,18b50)
Parsing block ( 18b50,18b90)
18b8c : s_cbranch_execnz 0x18b50 ( 18b50 ) 
Parsing block ( 18b90,18bc0)
18bbc : s_cbranch_execz 0x18bdc ( 18bdc ) 
Parsing block ( 18bc0,18bdc)
Parsing block ( 18bdc,18bf8)
18bf4 : s_cbranch_vccnz 0x18c28 ( 18c28 ) 
Parsing block ( 18bf8,18c28)
Parsing block ( 18c28,18c44)
18c40 : s_branch 0x18c64 ( 18c64 ) 
Parsing block ( 18c44,18c54)
18c50 : s_cbranch_scc1 0x18c60 ( 18c60 ) 
Parsing block ( 18c54,18c5c)
18c58 : s_cbranch_execnz 0x18c64 ( 18c64 ) 
Parsing block ( 18c5c,18c60)
18c5c : s_branch 0x18c8c ( 18c8c ) 
Parsing block ( 18c60,18c64)
18c60 : s_branch 0x18c8c ( 18c8c ) 
Parsing block ( 18c64,18c70)
18c6c : s_cbranch_execz 0x18c44 ( 18c44 ) 
Parsing block ( 18c70,18c8c)
18c88 : s_branch 0x18c44 ( 18c44 ) 
Parsing block ( 18c8c,18c9c)
18c98 : s_cbranch_execz 0x18d7c ( 18d7c ) 
Parsing block ( 18c9c,18d44)
18d40 : s_cbranch_execz 0x18d7c ( 18d7c ) 
Parsing block ( 18d44,18d7c)
18d78 : s_cbranch_execnz 0x18d44 ( 18d44 ) 
Parsing block ( 18d7c,18da0)
18d9c : s_setpc_b64 s[30:31] ( ffffffffffffffff ) 
Parsing function __ockl_printf_append_string_n at addreess 0x18da0
Parsing block ( 18da0,18e08)
18e04 : s_cbranch_execz 0x19b80 ( 19b80 ) 
Parsing block ( 18e08,18e24)
18e20 : s_branch 0x18e4c ( 18e4c ) 
Parsing block ( 18e24,18e4c)
18e48 : s_cbranch_execz 0x19b7c ( 19b7c ) 
Parsing block ( 18e4c,18e6c)
18e68 : s_cbranch_execz 0x18eec ( 18eec ) 
Parsing block ( 18e6c,18e80)
18e7c : s_cbranch_execz 0x18ee4 ( 18ee4 ) 
Parsing block ( 18e80,18e98)
Parsing block ( 18e98,18ee0)
18edc : s_cbranch_execnz 0x18e98 ( 18e98 ) 
Parsing block ( 18ee0,18ee4)
Parsing block ( 18ee4,18eec)
Parsing block ( 18eec,18f00)
18efc : s_cbranch_execz 0x18fa0 ( 18fa0 ) 
Parsing block ( 18f00,18fa0)
Parsing block ( 18fa0,18fb4)
18fb0 : s_cbranch_execz 0x19030 ( 19030 ) 
Parsing block ( 18fb4,18fc4)
18fc0 : s_cbranch_execz 0x19028 ( 19028 ) 
Parsing block ( 18fc4,18fd4)
Parsing block ( 18fd4,19024)
19020 : s_cbranch_execnz 0x18fd4 ( 18fd4 ) 
Parsing block ( 19024,19028)
Parsing block ( 19028,19030)
Parsing block ( 19030,19040)
1903c : s_cbranch_execz 0x190dc ( 190dc ) 
Parsing block ( 19040,190dc)
Parsing block ( 190dc,190f0)
190ec : s_cbranch_execz 0x1916c ( 1916c ) 
Parsing block ( 190f0,19100)
190fc : s_cbranch_execz 0x19164 ( 19164 ) 
Parsing block ( 19100,19110)
Parsing block ( 19110,19160)
1915c : s_cbranch_execnz 0x19110 ( 19110 ) 
Parsing block ( 19160,19164)
Parsing block ( 19164,1916c)
Parsing block ( 1916c,1917c)
19178 : s_cbranch_execz 0x19218 ( 19218 ) 
Parsing block ( 1917c,19218)
Parsing block ( 19218,1922c)
19228 : s_cbranch_execz 0x192a8 ( 192a8 ) 
Parsing block ( 1922c,1923c)
19238 : s_cbranch_execz 0x192a0 ( 192a0 ) 
Parsing block ( 1923c,1924c)
Parsing block ( 1924c,1929c)
19298 : s_cbranch_execnz 0x1924c ( 1924c ) 
Parsing block ( 1929c,192a0)
Parsing block ( 192a0,192a8)
Parsing block ( 192a8,192b8)
192b4 : s_cbranch_execz 0x19354 ( 19354 ) 
Parsing block ( 192b8,19354)
Parsing block ( 19354,19368)
19364 : s_cbranch_execz 0x193e4 ( 193e4 ) 
Parsing block ( 19368,19378)
19374 : s_cbranch_execz 0x193dc ( 193dc ) 
Parsing block ( 19378,19388)
Parsing block ( 19388,193d8)
193d4 : s_cbranch_execnz 0x19388 ( 19388 ) 
Parsing block ( 193d8,193dc)
Parsing block ( 193dc,193e4)
Parsing block ( 193e4,193f4)
193f0 : s_cbranch_execz 0x19490 ( 19490 ) 
Parsing block ( 193f4,19490)
Parsing block ( 19490,194a4)
194a0 : s_cbranch_execz 0x19520 ( 19520 ) 
Parsing block ( 194a4,194b4)
194b0 : s_cbranch_execz 0x19518 ( 19518 ) 
Parsing block ( 194b4,194c4)
Parsing block ( 194c4,19514)
19510 : s_cbranch_execnz 0x194c4 ( 194c4 ) 
Parsing block ( 19514,19518)
Parsing block ( 19518,19520)
Parsing block ( 19520,19530)
1952c : s_cbranch_execz 0x195cc ( 195cc ) 
Parsing block ( 19530,195cc)
Parsing block ( 195cc,195e0)
195dc : s_cbranch_execz 0x19650 ( 19650 ) 
Parsing block ( 195e0,195f0)
195ec : s_cbranch_execz 0x1964c ( 1964c ) 
Parsing block ( 195f0,195fc)
Parsing block ( 195fc,19648)
19644 : s_cbranch_execnz 0x195fc ( 195fc ) 
Parsing block ( 19648,1964c)
Parsing block ( 1964c,19650)
Parsing block ( 19650,19658)
19654 : s_cbranch_execz 0x196ec ( 196ec ) 
Parsing block ( 19658,196ec)
Parsing block ( 196ec,19710)
1970c : s_cbranch_execz 0x19814 ( 19814 ) 
Parsing block ( 19710,19798)
19794 : s_cbranch_execz 0x19810 ( 19810 ) 
Parsing block ( 19798,1979c)
Parsing block ( 1979c,1980c)
19808 : s_cbranch_execnz 0x1979c ( 1979c ) 
Parsing block ( 1980c,19810)
Parsing block ( 19810,19814)
Parsing block ( 19814,1985c)
19858 : s_cbranch_execz 0x19878 ( 19878 ) 
Parsing block ( 1985c,19878)
Parsing block ( 19878,198e8)
198e4 : s_cbranch_execz 0x19a28 ( 19a28 ) 
Parsing block ( 198e8,19954)
19950 : s_cbranch_execz 0x19998 ( 19998 ) 
Parsing block ( 19954,19958)
Parsing block ( 19958,19998)
19994 : s_cbranch_execnz 0x19958 ( 19958 ) 
Parsing block ( 19998,199c4)
199c0 : s_cbranch_execz 0x199e0 ( 199e0 ) 
Parsing block ( 199c4,199e0)
Parsing block ( 199e0,199fc)
199f8 : s_cbranch_vccnz 0x19a28 ( 19a28 ) 
Parsing block ( 199fc,19a28)
Parsing block ( 19a28,19a44)
19a40 : s_branch 0x19a64 ( 19a64 ) 
Parsing block ( 19a44,19a54)
19a50 : s_cbranch_scc1 0x19a60 ( 19a60 ) 
Parsing block ( 19a54,19a5c)
19a58 : s_cbranch_execnz 0x19a64 ( 19a64 ) 
Parsing block ( 19a5c,19a60)
19a5c : s_branch 0x19a8c ( 19a8c ) 
Parsing block ( 19a60,19a64)
19a60 : s_branch 0x19a8c ( 19a8c ) 
Parsing block ( 19a64,19a70)
19a6c : s_cbranch_execz 0x19a44 ( 19a44 ) 
Parsing block ( 19a70,19a8c)
19a88 : s_branch 0x19a44 ( 19a44 ) 
Parsing block ( 19a8c,19a9c)
19a98 : s_cbranch_execz 0x18e24 ( 18e24 ) 
Parsing block ( 19a9c,19b3c)
19b38 : s_cbranch_execz 0x18e24 ( 18e24 ) 
Parsing block ( 19b3c,19b40)
Parsing block ( 19b40,19b78)
19b74 : s_cbranch_execnz 0x19b40 ( 19b40 ) 
Parsing block ( 19b78,19b7c)
19b78 : s_branch 0x18e24 ( 18e24 ) 
Parsing block ( 19b7c,19b80)
Parsing block ( 19b80,19b88)
19b84 : s_cbranch_execz 0x1a044 ( 1a044 ) 
Parsing block ( 19b88,19ba8)
19ba4 : s_cbranch_execz 0x19cb0 ( 19cb0 ) 
Parsing block ( 19ba8,19c34)
19c30 : s_cbranch_execz 0x19cac ( 19cac ) 
Parsing block ( 19c34,19c38)
Parsing block ( 19c38,19ca8)
19ca4 : s_cbranch_execnz 0x19c38 ( 19c38 ) 
Parsing block ( 19ca8,19cac)
Parsing block ( 19cac,19cb0)
Parsing block ( 19cb0,19cfc)
19cf8 : s_cbranch_execz 0x19d20 ( 19d20 ) 
Parsing block ( 19cfc,19d20)
Parsing block ( 19d20,19d94)
19d90 : s_cbranch_execz 0x19ee8 ( 19ee8 ) 
Parsing block ( 19d94,19e0c)
19e08 : s_cbranch_execz 0x19e50 ( 19e50 ) 
Parsing block ( 19e0c,19e10)
Parsing block ( 19e10,19e50)
19e4c : s_cbranch_execnz 0x19e10 ( 19e10 ) 
Parsing block ( 19e50,19e80)
19e7c : s_cbranch_execz 0x19e9c ( 19e9c ) 
Parsing block ( 19e80,19e9c)
Parsing block ( 19e9c,19eb8)
19eb4 : s_cbranch_vccnz 0x19ee8 ( 19ee8 ) 
Parsing block ( 19eb8,19ee8)
Parsing block ( 19ee8,19f04)
19f00 : s_branch 0x19f24 ( 19f24 ) 
Parsing block ( 19f04,19f14)
19f10 : s_cbranch_scc1 0x19f20 ( 19f20 ) 
Parsing block ( 19f14,19f1c)
19f18 : s_cbranch_execnz 0x19f24 ( 19f24 ) 
Parsing block ( 19f1c,19f20)
19f1c : s_branch 0x19f4c ( 19f4c ) 
Parsing block ( 19f20,19f24)
19f20 : s_branch 0x19f4c ( 19f4c ) 
Parsing block ( 19f24,19f30)
19f2c : s_cbranch_execz 0x19f04 ( 19f04 ) 
Parsing block ( 19f30,19f4c)
19f48 : s_branch 0x19f04 ( 19f04 ) 
Parsing block ( 19f4c,19f5c)
19f58 : s_cbranch_execz 0x1a040 ( 1a040 ) 
Parsing block ( 19f5c,1a008)
1a004 : s_cbranch_execz 0x1a040 ( 1a040 ) 
Parsing block ( 1a008,1a040)
1a03c : s_cbranch_execnz 0x1a008 ( 1a008 ) 
Parsing block ( 1a040,1a044)
Parsing block ( 1a044,1a074)
1a070 : s_setpc_b64 s[30:31] ( ffffffffffffffff ) 
Parsing function NuclearDataReaction::sampleCollision at addreess 0x1a074
Parsing block ( 1a074,1a1ec)
1a1e8 : s_cbranch_execz 0x1a22c ( 1a22c ) 
Parsing block ( 1a1ec,1a20c)
1a208 : s_cbranch_execz 0x1a420 ( 1a420 ) 
Parsing block ( 1a20c,1a228)
1a224 : s_cbranch_execz 0x1a4d0 ( 1a4d0 ) 
Parsing block ( 1a228,1a22c)
1a228 : s_branch 0x1a434 ( 1a434 ) 
Parsing block ( 1a22c,1a23c)
1a238 : s_cbranch_execz 0x1abb4 ( 1abb4 ) 
Parsing block ( 1a23c,1a25c)
1a258 : s_cbranch_execz 0x1a260 ( 1a260 ) 
Parsing block ( 1a25c,1a260)
1a25c : s_branch 0x1a290 ( 1a290 ) 
Parsing block ( 1a260,1a270)
1a26c : s_cbranch_execz 0x1abb0 ( 1abb0 ) 
Parsing block ( 1a270,1a28c)
1a288 : s_cbranch_execz 0x1aa04 ( 1aa04 ) 
Parsing block ( 1a28c,1a290)
1a28c : s_branch 0x1a91c ( 1a91c ) 
Parsing block ( 1a290,1a2f4)
1a2f0 : s_swappc_b64 s[30:31], s[20:21] ( ffffffffffffffff ) 
Parsing block ( 1a420,1a430)
1a42c : s_cbranch_execz 0x1aba8 ( 1aba8 ) 
Parsing block ( 1a430,1a434)
1a430 : s_branch 0x1aba8 ( 1aba8 ) 
Parsing block ( 1a434,1a4b0)
1a4ac : s_swappc_b64 s[30:31], s[0:1] ( ffffffffffffffff ) 
Parsing block ( 1a4d0,1a4d8)
1a4d4 : s_branch 0x1a420 ( 1a420 ) 
Parsing block ( 1a91c,1a938)
1a934 : s_swappc_b64 s[30:31], s[0:1] ( ffffffffffffffff ) 
Parsing block ( 1aa04,1aa0c)
1aa08 : s_branch 0x1abb0 ( 1abb0 ) 
Parsing block ( 1aba8,1abb0)
1abac : s_branch 0x1a22c ( 1a22c ) 
Parsing block ( 1abb0,1abb4)
Parsing block ( 1abb4,1abf4)
1abf0 : s_setpc_b64 s[30:31] ( ffffffffffffffff ) 
Parsing function QS::atomicIncrement<unsigned long> at addreess 0x1abf4
Parsing block ( 1abf4,1ac94)
1ac90 : s_swappc_b64 s[30:31], s[0:1] ( ffffffffffffffff ) 
Parsing function QS::atomicAdd<unsigned long> at addreess 0x1acc4
Parsing block ( 1acc4,1ad8c)
1ad88 : s_swappc_b64 s[30:31], s[0:1] ( ffffffffffffffff ) 
Parsing function (anonymous namespace)::breakup_uint64 at addreess 0x1adc0
Parsing block ( 1adc0,1aeac)
1aea8 : s_setpc_b64 s[30:31] ( ffffffffffffffff ) 
Parsing function (anonymous namespace)::pseudo_des at addreess 0x1aeac
Parsing block ( 1aeac,1b040)
Parsing block ( 1b040,1b074)
1b070 : s_cbranch_execz 0x1b25c ( 1b25c ) 
Parsing block ( 1b074,1b25c)
1b258 : s_branch 0x1b274 ( 1b274 ) 
Parsing block ( 1b25c,1b270)
1b26c : s_cbranch_execnz 0x1b040 ( 1b040 ) 
Parsing block ( 1b270,1b274)
1b270 : s_branch 0x1b2a8 ( 1b2a8 ) 
Parsing block ( 1b274,1b2a8)
1b2a4 : s_branch 0x1b25c ( 1b25c ) 
Parsing block ( 1b2a8,1b2d0)
1b2cc : s_setpc_b64 s[30:31] ( ffffffffffffffff ) 
Parsing function (anonymous namespace)::reconstruct_uint64 at addreess 0x1b2d0
Parsing block ( 1b2d0,1b438)
1b434 : s_setpc_b64 s[30:31] ( ffffffffffffffff ) 
Parsing function (anonymous namespace)::hash_state at addreess 0x1b438
Parsing block ( 1b438,1b54c)
1b548 : s_swappc_b64 s[30:31], s[0:1] ( ffffffffffffffff ) 
Parsing function rngSpawn_Random_Number_Seed at addreess 0x1b620
Parsing block ( 1b620,1b71c)
1b718 : s_swappc_b64 s[30:31], s[0:1] ( ffffffffffffffff ) 
Parsing function __ocml_sin_f64 at addreess 0x1b7d4
Parsing block ( 1b7d4,1b824)
1b820 : s_cbranch_execz 0x1ba88 ( 1ba88 ) 
Parsing block ( 1b824,1ba88)
Parsing block ( 1ba88,1ba90)
1ba8c : s_cbranch_execz 0x1bb54 ( 1bb54 ) 
Parsing block ( 1ba90,1bb54)
Parsing block ( 1bb54,1bd0c)
1bd08 : s_setpc_b64 s[30:31] ( ffffffffffffffff ) 
Parsing function __ocml_cos_f64 at addreess 0x1bd0c
Parsing block ( 1bd0c,1bd5c)
1bd58 : s_cbranch_execz 0x1bfc0 ( 1bfc0 ) 
Parsing block ( 1bd5c,1bfc0)
Parsing block ( 1bfc0,1bfc8)
1bfc4 : s_cbranch_execz 0x1c08c ( 1c08c ) 
Parsing block ( 1bfc8,1c08c)
Parsing block ( 1c08c,1c248)
1c244 : s_setpc_b64 s[30:31] ( ffffffffffffffff ) 
Parsing function DirectionCosine::Rotate3DVector at addreess 0x1c248
Parsing block ( 1c248,1c4c0)
1c4bc : s_cbranch_execz 0x1c4c4 ( 1c4c4 ) 
Parsing block ( 1c4c0,1c4c4)
1c4c0 : s_branch 0x1c4f8 ( 1c4f8 ) 
Parsing block ( 1c4c4,1c4d4)
1c4d0 : s_cbranch_execz 0x1c604 ( 1c604 ) 
Parsing block ( 1c4d4,1c4f8)
1c4f4 : s_branch 0x1c604 ( 1c604 ) 
Parsing block ( 1c4f8,1c604)
1c600 : s_branch 0x1c4c4 ( 1c4c4 ) 
Parsing block ( 1c604,1c7f8)
1c7f4 : s_setpc_b64 s[30:31] ( ffffffffffffffff ) 
Parsing function __ocml_log_f64 at addreess 0x1c7f8
Parsing block ( 1c7f8,1cb44)
1cb40 : s_setpc_b64 s[30:31] ( ffffffffffffffff ) 
Parsing function updateTrajectory at addreess 0x1cb44
Parsing block ( 1cb44,1cd28)
1cd24 : s_swappc_b64 s[30:31], s[48:49] ( ffffffffffffffff ) 
Parsing function QS::atomicCaptureAdd<unsigned long> at addreess 0x1d380
Parsing block ( 1d380,1d464)
1d460 : s_swappc_b64 s[30:31], s[0:1] ( ffffffffffffffff ) 
Parsing function qs_vector<ParticleVault*>::operator[] at addreess 0x1d4b0
Parsing block ( 1d4b0,1d588)
1d584 : s_setpc_b64 s[30:31] ( ffffffffffffffff ) 
Parsing function MC_Base_Particle::MC_Base_Particle at addreess 0x1d588
Parsing block ( 1d588,1d65c)
1d658 : s_swappc_b64 s[30:31], s[26:27] ( ffffffffffffffff ) 
Parsing function atomicAdd at addreess 0x1d944
Parsing block ( 1d944,1da48)
1da44 : s_setpc_b64 s[30:31] ( ffffffffffffffff ) 
Parsing function QS::atomicCaptureAdd<int> at addreess 0x1da48
Parsing block ( 1da48,1db24)
1db20 : s_swappc_b64 s[30:31], s[0:1] ( ffffffffffffffff ) 
Parsing function qs_vector<MC_Base_Particle>::atomic_Index_Inc at addreess 0x1db70
Parsing block ( 1db70,1dc5c)
1dc58 : s_swappc_b64 s[30:31], s[2:3] ( ffffffffffffffff ) 
Parsing function MC_Base_Particle::operator= at addreess 0x1dc9c
Parsing block ( 1dc9c,1dd8c)
1dd88 : s_swappc_b64 s[30:31], s[26:27] ( ffffffffffffffff ) 
Parsing function ParticleVault::pushParticle at addreess 0x1de98
Parsing block ( 1de98,1df9c)
1df98 : s_swappc_b64 s[30:31], s[0:1] ( ffffffffffffffff ) 
Parsing function ParticleVaultContainer::addExtraParticle at addreess 0x1e094
Parsing block ( 1e094,1e1b0)
1e1ac : s_swappc_b64 s[30:31], s[2:3] ( ffffffffffffffff ) 
Parsing function CollisionEvent at addreess 0x1e738
Parsing block ( 1e738,1e958)
1e954 : s_swappc_b64 s[30:31], s[0:1] ( ffffffffffffffff ) 
Parsing function MCT_Adjacent_Facet at addreess 0x2088c
Parsing block ( 2088c,20994)
20990 : s_swappc_b64 s[30:31], s[0:1] ( ffffffffffffffff ) 
Parsing function qs_vector<int>::operator[] at addreess 0x20abc
Parsing block ( 20abc,20b94)
20b90 : s_setpc_b64 s[30:31] ( ffffffffffffffff ) 
Parsing function __ockl_printf_begin.31 at addreess 0x20b94
Parsing block ( 20b94,20bf8)
20bf4 : s_cbranch_execz 0x20d00 ( 20d00 ) 
Parsing block ( 20bf8,20c84)
20c80 : s_cbranch_execz 0x20cfc ( 20cfc ) 
Parsing block ( 20c84,20c88)
Parsing block ( 20c88,20cf8)
20cf4 : s_cbranch_execnz 0x20c88 ( 20c88 ) 
Parsing block ( 20cf8,20cfc)
Parsing block ( 20cfc,20d00)
Parsing block ( 20d00,20d4c)
20d48 : s_cbranch_execz 0x20d70 ( 20d70 ) 
Parsing block ( 20d4c,20d70)
Parsing block ( 20d70,20de0)
20ddc : s_cbranch_execz 0x20f34 ( 20f34 ) 
Parsing block ( 20de0,20e58)
20e54 : s_cbranch_execz 0x20e9c ( 20e9c ) 
Parsing block ( 20e58,20e5c)
Parsing block ( 20e5c,20e9c)
20e98 : s_cbranch_execnz 0x20e5c ( 20e5c ) 
Parsing block ( 20e9c,20ecc)
20ec8 : s_cbranch_execz 0x20ee8 ( 20ee8 ) 
Parsing block ( 20ecc,20ee8)
Parsing block ( 20ee8,20f04)
20f00 : s_cbranch_vccnz 0x20f34 ( 20f34 ) 
Parsing block ( 20f04,20f34)
Parsing block ( 20f34,20f50)
20f4c : s_branch 0x20f70 ( 20f70 ) 
Parsing block ( 20f50,20f60)
20f5c : s_cbranch_scc1 0x20f6c ( 20f6c ) 
Parsing block ( 20f60,20f68)
20f64 : s_cbranch_execnz 0x20f70 ( 20f70 ) 
Parsing block ( 20f68,20f6c)
20f68 : s_branch 0x20f98 ( 20f98 ) 
Parsing block ( 20f6c,20f70)
20f6c : s_branch 0x20f98 ( 20f98 ) 
Parsing block ( 20f70,20f7c)
20f78 : s_cbranch_execz 0x20f50 ( 20f50 ) 
Parsing block ( 20f7c,20f98)
20f94 : s_branch 0x20f50 ( 20f50 ) 
Parsing block ( 20f98,20fa8)
20fa4 : s_cbranch_execz 0x21088 ( 21088 ) 
Parsing block ( 20fa8,21050)
2104c : s_cbranch_execz 0x21088 ( 21088 ) 
Parsing block ( 21050,21088)
21084 : s_cbranch_execnz 0x21050 ( 21050 ) 
Parsing block ( 21088,210ac)
210a8 : s_setpc_b64 s[30:31] ( ffffffffffffffff ) 
Parsing function __ockl_printf_append_string_n.33 at addreess 0x210ac
Parsing block ( 210ac,21120)
2111c : s_cbranch_scc0 0x21c5c ( 21c5c ) 
Parsing block ( 21120,21158)
21154 : s_branch 0x21180 ( 21180 ) 
Parsing block ( 21158,21180)
2117c : s_cbranch_execz 0x21c64 ( 21c64 ) 
Parsing block ( 21180,211a0)
2119c : s_cbranch_execz 0x21220 ( 21220 ) 
Parsing block ( 211a0,211b4)
211b0 : s_cbranch_execz 0x21218 ( 21218 ) 
Parsing block ( 211b4,211cc)
Parsing block ( 211cc,21214)
21210 : s_cbranch_execnz 0x211cc ( 211cc ) 
Parsing block ( 21214,21218)
Parsing block ( 21218,21220)
Parsing block ( 21220,21234)
21230 : s_cbranch_execz 0x2127c ( 2127c ) 
Parsing block ( 21234,2127c)
Parsing block ( 2127c,21290)
2128c : s_cbranch_execz 0x2130c ( 2130c ) 
Parsing block ( 21290,212a0)
2129c : s_cbranch_execz 0x21304 ( 21304 ) 
Parsing block ( 212a0,212b0)
Parsing block ( 212b0,21300)
212fc : s_cbranch_execnz 0x212b0 ( 212b0 ) 
Parsing block ( 21300,21304)
Parsing block ( 21304,2130c)
Parsing block ( 2130c,2131c)
21318 : s_cbranch_execz 0x21364 ( 21364 ) 
Parsing block ( 2131c,21364)
Parsing block ( 21364,21378)
21374 : s_cbranch_execz 0x213f4 ( 213f4 ) 
Parsing block ( 21378,21388)
21384 : s_cbranch_execz 0x213ec ( 213ec ) 
Parsing block ( 21388,21398)
Parsing block ( 21398,213e8)
213e4 : s_cbranch_execnz 0x21398 ( 21398 ) 
Parsing block ( 213e8,213ec)
Parsing block ( 213ec,213f4)
Parsing block ( 213f4,21404)
21400 : s_cbranch_execz 0x2144c ( 2144c ) 
Parsing block ( 21404,2144c)
Parsing block ( 2144c,21460)
2145c : s_cbranch_execz 0x214dc ( 214dc ) 
Parsing block ( 21460,21470)
2146c : s_cbranch_execz 0x214d4 ( 214d4 ) 
Parsing block ( 21470,21480)
Parsing block ( 21480,214d0)
214cc : s_cbranch_execnz 0x21480 ( 21480 ) 
Parsing block ( 214d0,214d4)
Parsing block ( 214d4,214dc)
Parsing block ( 214dc,214ec)
214e8 : s_cbranch_execz 0x21534 ( 21534 ) 
Parsing block ( 214ec,21534)
Parsing block ( 21534,21548)
21544 : s_cbranch_execz 0x215c4 ( 215c4 ) 
Parsing block ( 21548,21558)
21554 : s_cbranch_execz 0x215bc ( 215bc ) 
Parsing block ( 21558,21568)
Parsing block ( 21568,215b8)
215b4 : s_cbranch_execnz 0x21568 ( 21568 ) 
Parsing block ( 215b8,215bc)
Parsing block ( 215bc,215c4)
Parsing block ( 215c4,215d4)
215d0 : s_cbranch_execz 0x2161c ( 2161c ) 
Parsing block ( 215d4,2161c)
Parsing block ( 2161c,21630)
2162c : s_cbranch_execz 0x216ac ( 216ac ) 
Parsing block ( 21630,21640)
2163c : s_cbranch_execz 0x216a4 ( 216a4 ) 
Parsing block ( 21640,21650)
Parsing block ( 21650,216a0)
2169c : s_cbranch_execnz 0x21650 ( 21650 ) 
Parsing block ( 216a0,216a4)
Parsing block ( 216a4,216ac)
Parsing block ( 216ac,216bc)
216b8 : s_cbranch_execz 0x21704 ( 21704 ) 
Parsing block ( 216bc,21704)
Parsing block ( 21704,21718)
21714 : s_cbranch_execz 0x21788 ( 21788 ) 
Parsing block ( 21718,21728)
21724 : s_cbranch_execz 0x21784 ( 21784 ) 
Parsing block ( 21728,21734)
Parsing block ( 21734,21780)
2177c : s_cbranch_execnz 0x21734 ( 21734 ) 
Parsing block ( 21780,21784)
Parsing block ( 21784,21788)
Parsing block ( 21788,21790)
2178c : s_cbranch_execz 0x217cc ( 217cc ) 
Parsing block ( 21790,217cc)
Parsing block ( 217cc,217f0)
217ec : s_cbranch_execz 0x218f4 ( 218f4 ) 
Parsing block ( 217f0,21878)
21874 : s_cbranch_execz 0x218f0 ( 218f0 ) 
Parsing block ( 21878,2187c)
Parsing block ( 2187c,218ec)
218e8 : s_cbranch_execnz 0x2187c ( 2187c ) 
Parsing block ( 218ec,218f0)
Parsing block ( 218f0,218f4)
Parsing block ( 218f4,2193c)
21938 : s_cbranch_execz 0x21958 ( 21958 ) 
Parsing block ( 2193c,21958)
Parsing block ( 21958,219c8)
219c4 : s_cbranch_execz 0x21b08 ( 21b08 ) 
Parsing block ( 219c8,21a34)
21a30 : s_cbranch_execz 0x21a78 ( 21a78 ) 
Parsing block ( 21a34,21a38)
Parsing block ( 21a38,21a78)
21a74 : s_cbranch_execnz 0x21a38 ( 21a38 ) 
Parsing block ( 21a78,21aa4)
21aa0 : s_cbranch_execz 0x21ac0 ( 21ac0 ) 
Parsing block ( 21aa4,21ac0)
Parsing block ( 21ac0,21adc)
21ad8 : s_cbranch_vccnz 0x21b08 ( 21b08 ) 
Parsing block ( 21adc,21b08)
Parsing block ( 21b08,21b24)
21b20 : s_branch 0x21b44 ( 21b44 ) 
Parsing block ( 21b24,21b34)
21b30 : s_cbranch_scc1 0x21b40 ( 21b40 ) 
Parsing block ( 21b34,21b3c)
21b38 : s_cbranch_execnz 0x21b44 ( 21b44 ) 
Parsing block ( 21b3c,21b40)
21b3c : s_branch 0x21b6c ( 21b6c ) 
Parsing block ( 21b40,21b44)
21b40 : s_branch 0x21b6c ( 21b6c ) 
Parsing block ( 21b44,21b50)
21b4c : s_cbranch_execz 0x21b24 ( 21b24 ) 
Parsing block ( 21b50,21b6c)
21b68 : s_branch 0x21b24 ( 21b24 ) 
Parsing block ( 21b6c,21b7c)
21b78 : s_cbranch_execz 0x21158 ( 21158 ) 
Parsing block ( 21b7c,21c1c)
21c18 : s_cbranch_execz 0x21158 ( 21158 ) 
Parsing block ( 21c1c,21c20)
Parsing block ( 21c20,21c58)
21c54 : s_cbranch_execnz 0x21c20 ( 21c20 ) 
Parsing block ( 21c58,21c5c)
21c58 : s_branch 0x21158 ( 21158 ) 
Parsing block ( 21c5c,21c60)
21c5c : s_cbranch_execnz 0x21c6c ( 21c6c ) 
Parsing block ( 21c60,21c64)
21c60 : s_branch 0x22120 ( 22120 ) 
Parsing block ( 21c64,21c6c)
21c68 : s_branch 0x22120 ( 22120 ) 
Parsing block ( 21c6c,21c88)
21c84 : s_cbranch_execz 0x21d90 ( 21d90 ) 
Parsing block ( 21c88,21d14)
21d10 : s_cbranch_execz 0x21d8c ( 21d8c ) 
Parsing block ( 21d14,21d18)
Parsing block ( 21d18,21d88)
21d84 : s_cbranch_execnz 0x21d18 ( 21d18 ) 
Parsing block ( 21d88,21d8c)
Parsing block ( 21d8c,21d90)
Parsing block ( 21d90,21ddc)
21dd8 : s_cbranch_execz 0x21e00 ( 21e00 ) 
Parsing block ( 21ddc,21e00)
Parsing block ( 21e00,21e74)
21e70 : s_cbranch_execz 0x21fc8 ( 21fc8 ) 
Parsing block ( 21e74,21eec)
21ee8 : s_cbranch_execz 0x21f30 ( 21f30 ) 
Parsing block ( 21eec,21ef0)
Parsing block ( 21ef0,21f30)
21f2c : s_cbranch_execnz 0x21ef0 ( 21ef0 ) 
Parsing block ( 21f30,21f60)
21f5c : s_cbranch_execz 0x21f7c ( 21f7c ) 
Parsing block ( 21f60,21f7c)
Parsing block ( 21f7c,21f98)
21f94 : s_cbranch_vccnz 0x21fc8 ( 21fc8 ) 
Parsing block ( 21f98,21fc8)
Parsing block ( 21fc8,21fe4)
21fe0 : s_branch 0x22004 ( 22004 ) 
Parsing block ( 21fe4,21ff4)
21ff0 : s_cbranch_scc1 0x22000 ( 22000 ) 
Parsing block ( 21ff4,21ffc)
21ff8 : s_cbranch_execnz 0x22004 ( 22004 ) 
Parsing block ( 21ffc,22000)
21ffc : s_branch 0x2202c ( 2202c ) 
Parsing block ( 22000,22004)
22000 : s_branch 0x2202c ( 2202c ) 
Parsing block ( 22004,22010)
2200c : s_cbranch_execz 0x21fe4 ( 21fe4 ) 
Parsing block ( 22010,2202c)
22028 : s_branch 0x21fe4 ( 21fe4 ) 
Parsing block ( 2202c,2203c)
22038 : s_cbranch_execz 0x2211c ( 2211c ) 
Parsing block ( 2203c,220e4)
220e0 : s_cbranch_execz 0x2211c ( 2211c ) 
Parsing block ( 220e4,2211c)
22118 : s_cbranch_execnz 0x220e4 ( 220e4 ) 
Parsing block ( 2211c,22120)
Parsing block ( 22120,2214c)
22148 : s_setpc_b64 s[30:31] ( ffffffffffffffff ) 
Parsing function ParticleVault::putParticle at addreess 0x2214c
Parsing block ( 2214c,22484)
22480 : s_swappc_b64 s[30:31], s[0:1] ( ffffffffffffffff ) 
Parsing function ParticleVaultContainer::getSendQueue at addreess 0x227f8
Parsing block ( 227f8,22898)
22894 : s_setpc_b64 s[30:31] ( ffffffffffffffff ) 
Parsing function QS::atomicCaptureAdd<int>.110 at addreess 0x22898
Parsing block ( 22898,22974)
22970 : s_swappc_b64 s[30:31], s[0:1] ( ffffffffffffffff ) 
Parsing function qs_vector<sendQueueTuple>::atomic_Index_Inc at addreess 0x229c0
Parsing block ( 229c0,22aac)
22aa8 : s_swappc_b64 s[30:31], s[2:3] ( ffffffffffffffff ) 
Parsing function qs_vector<sendQueueTuple>::operator[] at addreess 0x22aec
Parsing block ( 22aec,22bc4)
22bc0 : s_setpc_b64 s[30:31] ( ffffffffffffffff ) 
Parsing function SendQueue::push at addreess 0x22bc4
Parsing block ( 22bc4,22cbc)
22cb8 : s_swappc_b64 s[30:31], s[0:1] ( ffffffffffffffff ) 
Parsing function MC_Facet_Crossing_Event at addreess 0x22d90
Parsing block ( 22d90,22ee8)
22ee4 : s_swappc_b64 s[30:31], s[0:1] ( ffffffffffffffff ) 
Parsing function MC_Location::get_domain at addreess 0x23684
Parsing block ( 23684,2374c)
23748 : s_swappc_b64 s[30:31], s[0:1] ( ffffffffffffffff ) 
Parsing function qs_vector<MC_Facet_Geometry_Cell>::operator[] at addreess 0x23780
Parsing block ( 23780,23858)
23854 : s_setpc_b64 s[30:31] ( ffffffffffffffff ) 
Parsing function MC_Vector::MC_Vector at addreess 0x23858
Parsing block ( 23858,23968)
23964 : s_setpc_b64 s[30:31] ( ffffffffffffffff ) 
Parsing function MCT_Reflect_Particle at addreess 0x23968
Parsing block ( 23968,23a88)
23a84 : s_swappc_b64 s[30:31], s[0:1] ( ffffffffffffffff ) 
Parsing function __ockl_printf_begin.3 at addreess 0x23f58
Parsing block ( 23f58,23fbc)
23fb8 : s_cbranch_execz 0x240c4 ( 240c4 ) 
Parsing block ( 23fbc,24048)
24044 : s_cbranch_execz 0x240c0 ( 240c0 ) 
Parsing block ( 24048,2404c)
Parsing block ( 2404c,240bc)
240b8 : s_cbranch_execnz 0x2404c ( 2404c ) 
Parsing block ( 240bc,240c0)
Parsing block ( 240c0,240c4)
Parsing block ( 240c4,24110)
2410c : s_cbranch_execz 0x24134 ( 24134 ) 
Parsing block ( 24110,24134)
Parsing block ( 24134,241a4)
241a0 : s_cbranch_execz 0x242f8 ( 242f8 ) 
Parsing block ( 241a4,2421c)
24218 : s_cbranch_execz 0x24260 ( 24260 ) 
Parsing block ( 2421c,24220)
Parsing block ( 24220,24260)
2425c : s_cbranch_execnz 0x24220 ( 24220 ) 
Parsing block ( 24260,24290)
2428c : s_cbranch_execz 0x242ac ( 242ac ) 
Parsing block ( 24290,242ac)
Parsing block ( 242ac,242c8)
242c4 : s_cbranch_vccnz 0x242f8 ( 242f8 ) 
Parsing block ( 242c8,242f8)
Parsing block ( 242f8,24314)
24310 : s_branch 0x24334 ( 24334 ) 
Parsing block ( 24314,24324)
24320 : s_cbranch_scc1 0x24330 ( 24330 ) 
Parsing block ( 24324,2432c)
24328 : s_cbranch_execnz 0x24334 ( 24334 ) 
Parsing block ( 2432c,24330)
2432c : s_branch 0x2435c ( 2435c ) 
Parsing block ( 24330,24334)
24330 : s_branch 0x2435c ( 2435c ) 
Parsing block ( 24334,24340)
2433c : s_cbranch_execz 0x24314 ( 24314 ) 
Parsing block ( 24340,2435c)
24358 : s_branch 0x24314 ( 24314 ) 
Parsing block ( 2435c,2436c)
24368 : s_cbranch_execz 0x2444c ( 2444c ) 
Parsing block ( 2436c,24414)
24410 : s_cbranch_execz 0x2444c ( 2444c ) 
Parsing block ( 24414,2444c)
24448 : s_cbranch_execnz 0x24414 ( 24414 ) 
Parsing block ( 2444c,24470)
2446c : s_setpc_b64 s[30:31] ( ffffffffffffffff ) 
Parsing function __ockl_printf_append_string_n.5 at addreess 0x24470
Parsing block ( 24470,244e4)
244e0 : s_cbranch_scc0 0x25020 ( 25020 ) 
Parsing block ( 244e4,2451c)
24518 : s_branch 0x24544 ( 24544 ) 
Parsing block ( 2451c,24544)
24540 : s_cbranch_execz 0x25028 ( 25028 ) 
Parsing block ( 24544,24564)
24560 : s_cbranch_execz 0x245e4 ( 245e4 ) 
Parsing block ( 24564,24578)
24574 : s_cbranch_execz 0x245dc ( 245dc ) 
Parsing block ( 24578,24590)
Parsing block ( 24590,245d8)
245d4 : s_cbranch_execnz 0x24590 ( 24590 ) 
Parsing block ( 245d8,245dc)
Parsing block ( 245dc,245e4)
Parsing block ( 245e4,245f8)
245f4 : s_cbranch_execz 0x24640 ( 24640 ) 
Parsing block ( 245f8,24640)
Parsing block ( 24640,24654)
24650 : s_cbranch_execz 0x246d0 ( 246d0 ) 
Parsing block ( 24654,24664)
24660 : s_cbranch_execz 0x246c8 ( 246c8 ) 
Parsing block ( 24664,24674)
Parsing block ( 24674,246c4)
246c0 : s_cbranch_execnz 0x24674 ( 24674 ) 
Parsing block ( 246c4,246c8)
Parsing block ( 246c8,246d0)
Parsing block ( 246d0,246e0)
246dc : s_cbranch_execz 0x24728 ( 24728 ) 
Parsing block ( 246e0,24728)
Parsing block ( 24728,2473c)
24738 : s_cbranch_execz 0x247b8 ( 247b8 ) 
Parsing block ( 2473c,2474c)
24748 : s_cbranch_execz 0x247b0 ( 247b0 ) 
Parsing block ( 2474c,2475c)
Parsing block ( 2475c,247ac)
247a8 : s_cbranch_execnz 0x2475c ( 2475c ) 
Parsing block ( 247ac,247b0)
Parsing block ( 247b0,247b8)
Parsing block ( 247b8,247c8)
247c4 : s_cbranch_execz 0x24810 ( 24810 ) 
Parsing block ( 247c8,24810)
Parsing block ( 24810,24824)
24820 : s_cbranch_execz 0x248a0 ( 248a0 ) 
Parsing block ( 24824,24834)
24830 : s_cbranch_execz 0x24898 ( 24898 ) 
Parsing block ( 24834,24844)
Parsing block ( 24844,24894)
24890 : s_cbranch_execnz 0x24844 ( 24844 ) 
Parsing block ( 24894,24898)
Parsing block ( 24898,248a0)
Parsing block ( 248a0,248b0)
248ac : s_cbranch_execz 0x248f8 ( 248f8 ) 
Parsing block ( 248b0,248f8)
Parsing block ( 248f8,2490c)
24908 : s_cbranch_execz 0x24988 ( 24988 ) 
Parsing block ( 2490c,2491c)
24918 : s_cbranch_execz 0x24980 ( 24980 ) 
Parsing block ( 2491c,2492c)
Parsing block ( 2492c,2497c)
24978 : s_cbranch_execnz 0x2492c ( 2492c ) 
Parsing block ( 2497c,24980)
Parsing block ( 24980,24988)
Parsing block ( 24988,24998)
24994 : s_cbranch_execz 0x249e0 ( 249e0 ) 
Parsing block ( 24998,249e0)
Parsing block ( 249e0,249f4)
249f0 : s_cbranch_execz 0x24a70 ( 24a70 ) 
Parsing block ( 249f4,24a04)
24a00 : s_cbranch_execz 0x24a68 ( 24a68 ) 
Parsing block ( 24a04,24a14)
Parsing block ( 24a14,24a64)
24a60 : s_cbranch_execnz 0x24a14 ( 24a14 ) 
Parsing block ( 24a64,24a68)
Parsing block ( 24a68,24a70)
Parsing block ( 24a70,24a80)
24a7c : s_cbranch_execz 0x24ac8 ( 24ac8 ) 
Parsing block ( 24a80,24ac8)
Parsing block ( 24ac8,24adc)
24ad8 : s_cbranch_execz 0x24b4c ( 24b4c ) 
Parsing block ( 24adc,24aec)
24ae8 : s_cbranch_execz 0x24b48 ( 24b48 ) 
Parsing block ( 24aec,24af8)
Parsing block ( 24af8,24b44)
24b40 : s_cbranch_execnz 0x24af8 ( 24af8 ) 
Parsing block ( 24b44,24b48)
Parsing block ( 24b48,24b4c)
Parsing block ( 24b4c,24b54)
24b50 : s_cbranch_execz 0x24b90 ( 24b90 ) 
Parsing block ( 24b54,24b90)
Parsing block ( 24b90,24bb4)
24bb0 : s_cbranch_execz 0x24cb8 ( 24cb8 ) 
Parsing block ( 24bb4,24c3c)
24c38 : s_cbranch_execz 0x24cb4 ( 24cb4 ) 
Parsing block ( 24c3c,24c40)
Parsing block ( 24c40,24cb0)
24cac : s_cbranch_execnz 0x24c40 ( 24c40 ) 
Parsing block ( 24cb0,24cb4)
Parsing block ( 24cb4,24cb8)
Parsing block ( 24cb8,24d00)
24cfc : s_cbranch_execz 0x24d1c ( 24d1c ) 
Parsing block ( 24d00,24d1c)
Parsing block ( 24d1c,24d8c)
24d88 : s_cbranch_execz 0x24ecc ( 24ecc ) 
Parsing block ( 24d8c,24df8)
24df4 : s_cbranch_execz 0x24e3c ( 24e3c ) 
Parsing block ( 24df8,24dfc)
Parsing block ( 24dfc,24e3c)
24e38 : s_cbranch_execnz 0x24dfc ( 24dfc ) 
Parsing block ( 24e3c,24e68)
24e64 : s_cbranch_execz 0x24e84 ( 24e84 ) 
Parsing block ( 24e68,24e84)
Parsing block ( 24e84,24ea0)
24e9c : s_cbranch_vccnz 0x24ecc ( 24ecc ) 
Parsing block ( 24ea0,24ecc)
Parsing block ( 24ecc,24ee8)
24ee4 : s_branch 0x24f08 ( 24f08 ) 
Parsing block ( 24ee8,24ef8)
24ef4 : s_cbranch_scc1 0x24f04 ( 24f04 ) 
Parsing block ( 24ef8,24f00)
24efc : s_cbranch_execnz 0x24f08 ( 24f08 ) 
Parsing block ( 24f00,24f04)
24f00 : s_branch 0x24f30 ( 24f30 ) 
Parsing block ( 24f04,24f08)
24f04 : s_branch 0x24f30 ( 24f30 ) 
Parsing block ( 24f08,24f14)
24f10 : s_cbranch_execz 0x24ee8 ( 24ee8 ) 
Parsing block ( 24f14,24f30)
24f2c : s_branch 0x24ee8 ( 24ee8 ) 
Parsing block ( 24f30,24f40)
24f3c : s_cbranch_execz 0x2451c ( 2451c ) 
Parsing block ( 24f40,24fe0)
24fdc : s_cbranch_execz 0x2451c ( 2451c ) 
Parsing block ( 24fe0,24fe4)
Parsing block ( 24fe4,2501c)
25018 : s_cbranch_execnz 0x24fe4 ( 24fe4 ) 
Parsing block ( 2501c,25020)
2501c : s_branch 0x2451c ( 2451c ) 
Parsing block ( 25020,25024)
25020 : s_cbranch_execnz 0x25030 ( 25030 ) 
Parsing block ( 25024,25028)
25024 : s_branch 0x254e4 ( 254e4 ) 
Parsing block ( 25028,25030)
2502c : s_branch 0x254e4 ( 254e4 ) 
Parsing block ( 25030,2504c)
25048 : s_cbranch_execz 0x25154 ( 25154 ) 
Parsing block ( 2504c,250d8)
250d4 : s_cbranch_execz 0x25150 ( 25150 ) 
Parsing block ( 250d8,250dc)
Parsing block ( 250dc,2514c)
25148 : s_cbranch_execnz 0x250dc ( 250dc ) 
Parsing block ( 2514c,25150)
Parsing block ( 25150,25154)
Parsing block ( 25154,251a0)
2519c : s_cbranch_execz 0x251c4 ( 251c4 ) 
Parsing block ( 251a0,251c4)
Parsing block ( 251c4,25238)
25234 : s_cbranch_execz 0x2538c ( 2538c ) 
Parsing block ( 25238,252b0)
252ac : s_cbranch_execz 0x252f4 ( 252f4 ) 
Parsing block ( 252b0,252b4)
Parsing block ( 252b4,252f4)
252f0 : s_cbranch_execnz 0x252b4 ( 252b4 ) 
Parsing block ( 252f4,25324)
25320 : s_cbranch_execz 0x25340 ( 25340 ) 
Parsing block ( 25324,25340)
Parsing block ( 25340,2535c)
25358 : s_cbranch_vccnz 0x2538c ( 2538c ) 
Parsing block ( 2535c,2538c)
Parsing block ( 2538c,253a8)
253a4 : s_branch 0x253c8 ( 253c8 ) 
Parsing block ( 253a8,253b8)
253b4 : s_cbranch_scc1 0x253c4 ( 253c4 ) 
Parsing block ( 253b8,253c0)
253bc : s_cbranch_execnz 0x253c8 ( 253c8 ) 
Parsing block ( 253c0,253c4)
253c0 : s_branch 0x253f0 ( 253f0 ) 
Parsing block ( 253c4,253c8)
253c4 : s_branch 0x253f0 ( 253f0 ) 
Parsing block ( 253c8,253d4)
253d0 : s_cbranch_execz 0x253a8 ( 253a8 ) 
Parsing block ( 253d4,253f0)
253ec : s_branch 0x253a8 ( 253a8 ) 
Parsing block ( 253f0,25400)
253fc : s_cbranch_execz 0x254e0 ( 254e0 ) 
Parsing block ( 25400,254a8)
254a4 : s_cbranch_execz 0x254e0 ( 254e0 ) 
Parsing block ( 254a8,254e0)
254dc : s_cbranch_execnz 0x254a8 ( 254a8 ) 
Parsing block ( 254e0,254e4)
Parsing block ( 254e4,25510)
2550c : s_setpc_b64 s[30:31] ( ffffffffffffffff ) 
Parsing function CycleTrackingFunction at addreess 0x25510
Parsing block ( 25510,25734)
25730 : s_swappc_b64 s[30:31], s[0:1] ( ffffffffffffffff ) 
Parsing function ParticleVault::invalidateParticle at addreess 0x26a0c
Parsing block ( 26a0c,26aec)
26ae8 : s_cbranch_execz 0x26bd4 ( 26bd4 ) 
Parsing block ( 26aec,26b08)
26b04 : s_swappc_b64 s[30:31], s[0:1] ( ffffffffffffffff ) 
Parsing block ( 26bd4,26bdc)
26bd8 : s_branch 0x26c18 ( 26c18 ) 
Parsing block ( 26c18,26c74)
26c70 : s_swappc_b64 s[30:31], s[0:1] ( ffffffffffffffff ) 
Parsing function CycleTrackingGuts at addreess 0x26e5c
Parsing block ( 26e5c,27000)
26ffc : s_swappc_b64 s[30:31], s[0:1] ( ffffffffffffffff ) 
Parsing function CycleTrackingKernel at addreess 0x27400
Parsing block ( 27400,27574)
27570 : s_swappc_b64 s[30:31], s[0:1] ( ffffffffffffffff ) 
